#
# There is insufficient memory for the Java Runtime Environment to continue.
# Native memory allocation (mmap) failed to map 114819072 bytes for committing reserved memory.
# Possible reasons:
#   The system is out of physical RAM or swap space
#   In 32 bit mode, the process size limit was hit
# Possible solutions:
#   Reduce memory load on the system
#   Increase physical memory or swap space
#   Check if swap backing store is full
#   Use 64 bit Java on a 64 bit OS
#   Decrease Java heap size (-Xmx/-Xms)
#   Decrease number of Java threads
#   Decrease Java thread stack sizes (-Xss)
#   Set larger code cache with -XX:ReservedCodeCacheSize=
# This output file may be truncated or incomplete.
#
#  Out of Memory Error (os_linux.cpp:2643), pid=4844, tid=0x00007fc11030d700
#
# JRE version: OpenJDK Runtime Environment (8.0_151-b12) (build 1.8.0_151-8u151-b12-0ubuntu0.17.10.2-b12)
# Java VM: OpenJDK 64-Bit Server VM (25.151-b12 mixed mode linux-amd64 compressed oops)
# Failed to write core dump. Core dumps have been disabled. To enable core dumping, try "ulimit -c unlimited" before starting Java again
#

---------------  T H R E A D  ---------------

Current thread (0x00007fc124078800):  VMThread [stack: 0x00007fc11020d000,0x00007fc11030e000] [id=4856]

Stack: [0x00007fc11020d000,0x00007fc11030e000],  sp=0x00007fc11030c450,  free space=1021k
Native frames: (J=compiled Java code, j=interpreted, Vv=VM code, C=native code)
V  [libjvm.so+0xaa61a2]
V  [libjvm.so+0x4d6d87]
V  [libjvm.so+0x8e2760]
V  [libjvm.so+0x8dcdce]
V  [libjvm.so+0x95cc36]
V  [libjvm.so+0x94b8aa]
V  [libjvm.so+0x94ba78]
V  [libjvm.so+0x94c680]
V  [libjvm.so+0x952a1c]
V  [libjvm.so+0x95ab05]
V  [libjvm.so+0x909488]
V  [libjvm.so+0xaa7e12]
V  [libjvm.so+0xaac8e6]
V  [libjvm.so+0xaaac65]
V  [libjvm.so+0xaab5dd]
V  [libjvm.so+0xaab9b7]
V  [libjvm.so+0x8dfcb2]

VM_Operation (0x00007fc12b16d730): ParallelGCFailedAllocation, mode: safepoint, requested by thread 0x00007fc12400a800


---------------  P R O C E S S  ---------------

Java Threads: ( => current thread )
  0x00007fc124199000 JavaThread "pool-1-thread-4" [_thread_blocked, id=4880, stack(0x00007fc10b17e000,0x00007fc10b27f000)]
  0x00007fc124197800 JavaThread "pool-1-thread-3" [_thread_blocked, id=4879, stack(0x00007fc10b27f000,0x00007fc10b380000)]
  0x00007fc124194000 JavaThread "pool-1-thread-2" [_thread_blocked, id=4878, stack(0x00007fc10b380000,0x00007fc10b481000)]
  0x00007fc124188800 JavaThread "pool-2-thread-1" [_thread_blocked, id=4877, stack(0x00007fc10b481000,0x00007fc10b582000)]
  0x00007fc124187000 JavaThread "pool-1-thread-1" [_thread_blocked, id=4876, stack(0x00007fc10b582000,0x00007fc10b683000)]
  0x00007fc1240b9800 JavaThread "Service Thread" daemon [_thread_blocked, id=4869, stack(0x00007fc10b7cd000,0x00007fc10b8ce000)]
  0x00007fc1240b2000 JavaThread "C1 CompilerThread2" daemon [_thread_blocked, id=4868, stack(0x00007fc10b8ce000,0x00007fc10b9cf000)]
  0x00007fc1240b0800 JavaThread "C2 CompilerThread1" daemon [_thread_blocked, id=4867, stack(0x00007fc10b9cf000,0x00007fc10bad0000)]
  0x00007fc1240ae000 JavaThread "C2 CompilerThread0" daemon [_thread_blocked, id=4866, stack(0x00007fc10bad0000,0x00007fc10bbd1000)]
  0x00007fc1240ab800 JavaThread "Signal Dispatcher" daemon [_thread_blocked, id=4865, stack(0x00007fc10bbd1000,0x00007fc10bcd2000)]
  0x00007fc124084800 JavaThread "Finalizer" daemon [_thread_blocked, id=4858, stack(0x00007fc11000b000,0x00007fc11010c000)]
  0x00007fc124080000 JavaThread "Reference Handler" daemon [_thread_blocked, id=4857, stack(0x00007fc11010c000,0x00007fc11020d000)]
  0x00007fc12400a800 JavaThread "main" [_thread_blocked, id=4846, stack(0x00007fc12b06f000,0x00007fc12b170000)]

Other Threads:
=>0x00007fc124078800 VMThread [stack: 0x00007fc11020d000,0x00007fc11030e000] [id=4856]
  0x00007fc1240bc000 WatcherThread [stack: 0x00007fc10b6cc000,0x00007fc10b7cd000] [id=4870]

VM state:at safepoint (normal execution)

VM Mutex/Monitor currently owned by a thread:  ([mutex/lock_event])
[0x00007fc124006d40] ExpandHeap_lock - owner thread: 0x00007fc124078800
[0x00007fc1240073c0] Threads_lock - owner thread: 0x00007fc124078800
[0x00007fc1240078c0] Heap_lock - owner thread: 0x00007fc12400a800

Heap:
 PSYoungGen      total 235520K, used 13525K [0x00000000eab00000, 0x0000000100000000, 0x0000000100000000)
  eden space 177152K, 0% used [0x00000000eab00000,0x00000000eab00000,0x00000000f5800000)
  from space 58368K, 23% used [0x00000000fae00000,0x00000000fbb35790,0x00000000fe700000)
  to   space 86016K, 0% used [0x00000000f5800000,0x00000000f5800000,0x00000000fac00000)
 ParOldGen       total 254464K, used 254118K [0x00000000c0000000, 0x00000000cf880000, 0x00000000eab00000)
  object space 254464K, 99% used [0x00000000c0000000,0x00000000cf829bc0,0x00000000cf880000)
 Metaspace       used 6419K, capacity 7158K, committed 7296K, reserved 1056768K
  class space    used 599K, capacity 622K, committed 640K, reserved 1048576K

Card table byte_map: [0x00007fc114418000,0x00007fc114619000] byte_map_base: 0x00007fc113e18000

Marking Bits: (ParMarkBitMap*) 0x00007fc12a3380e0
 Begin Bits: [0x00007fc111ebe000, 0x00007fc112ebe000)
 End Bits:   [0x00007fc112ebe000, 0x00007fc113ebe000)

Polling page: 0x00007fc12b1a7000

CodeCache: size=245760Kb used=8009Kb max_used=8009Kb free=237750Kb
 bounds [0x00007fc1149d9000, 0x00007fc1151b9000, 0x00007fc1239d9000]
 total_blobs=2257 nmethods=1990 adapters=181
 compilation: enabled

Compilation events (10 events):
Event: 35.004 Thread 0x00007fc1240b2000 2288       2       com.android.dx.ssa.back.LivenessAnalyzer::liveOutAtStatement (61 bytes)
Event: 35.005 Thread 0x00007fc1240b2000 nmethod 2288 0x00007fc115156190 code [0x00007fc115156340, 0x00007fc115156688]
Event: 35.007 Thread 0x00007fc1240b2000 2289       2       com.android.dx.ssa.back.LivenessAnalyzer::liveOutAtBlock (68 bytes)
Event: 35.019 Thread 0x00007fc1240b2000 nmethod 2289 0x00007fc1151556d0 code [0x00007fc115155880, 0x00007fc115155d68]
Event: 35.021 Thread 0x00007fc1240b2000 2290       2       com.android.dx.ssa.back.InterferenceGraph::add (46 bytes)
Event: 35.021 Thread 0x00007fc1240b2000 nmethod 2290 0x00007fc115154b50 code [0x00007fc115154d40, 0x00007fc1151551e8]
Event: 35.061 Thread 0x00007fc1240b2000 2294 %     3       com.android.dx.ssa.back.LivenessAnalyzer::handleTailRecursion @ 0 (94 bytes)
Event: 35.061 Thread 0x00007fc1240b2000 nmethod 2294% 0x00007fc1151aff90 code [0x00007fc1151b0160, 0x00007fc1151b06e8]
Event: 35.061 Thread 0x00007fc1240b2000 2295       3       com.android.dx.ssa.back.LivenessAnalyzer::handleTailRecursion (94 bytes)
Event: 35.062 Thread 0x00007fc1240b2000 nmethod 2295 0x00007fc1151b0910 code [0x00007fc1151b0ae0, 0x00007fc1151b1028]

GC Heap History (10 events):
Event: 27.907 GC heap after
Heap after GC invocations=12 (full 1):
 PSYoungGen      total 177152K, used 177142K [0x00000000eab00000, 0x00000000f9500000, 0x0000000100000000)
  eden space 156160K, 100% used [0x00000000eab00000,0x00000000f4380000,0x00000000f4380000)
  from space 20992K, 99% used [0x00000000f8080000,0x00000000f94fda58,0x00000000f9500000)
  to   space 27648K, 99% used [0x00000000f5f00000,0x00000000f79fb958,0x00000000f7a00000)
 ParOldGen       total 100352K, used 99989K [0x00000000c0000000, 0x00000000c6200000, 0x00000000eab00000)
  object space 100352K, 99% used [0x00000000c0000000,0x00000000c61a54a0,0x00000000c6200000)
 Metaspace       used 6418K, capacity 7158K, committed 7296K, reserved 1056768K
  class space    used 599K, capacity 622K, committed 640K, reserved 1048576K
}
Event: 27.907 GC heap before
{Heap before GC invocations=13 (full 2):
 PSYoungGen      total 177152K, used 177142K [0x00000000eab00000, 0x00000000f9500000, 0x0000000100000000)
  eden space 156160K, 100% used [0x00000000eab00000,0x00000000f4380000,0x00000000f4380000)
  from space 20992K, 99% used [0x00000000f8080000,0x00000000f94fda58,0x00000000f9500000)
  to   space 27648K, 99% used [0x00000000f5f00000,0x00000000f79fb958,0x00000000f7a00000)
 ParOldGen       total 100352K, used 99989K [0x00000000c0000000, 0x00000000c6200000, 0x00000000eab00000)
  object space 100352K, 99% used [0x00000000c0000000,0x00000000c61a54a0,0x00000000c6200000)
 Metaspace       used 6418K, capacity 7158K, committed 7296K, reserved 1056768K
  class space    used 599K, capacity 622K, committed 640K, reserved 1048576K
Event: 31.892 GC heap after
Heap after GC invocations=13 (full 2):
 PSYoungGen      total 177152K, used 43356K [0x00000000eab00000, 0x00000000f9500000, 0x0000000100000000)
  eden space 156160K, 27% used [0x00000000eab00000,0x00000000ed557100,0x00000000f4380000)
  from space 20992K, 0% used [0x00000000f8080000,0x00000000f8080000,0x00000000f9500000)
  to   space 27648K, 0% used [0x00000000f5f00000,0x00000000f5f00000,0x00000000f7a00000)
 ParOldGen       total 145408K, used 100188K [0x00000000c0000000, 0x00000000c8e00000, 0x00000000eab00000)
  object space 145408K, 68% used [0x00000000c0000000,0x00000000c61d71d8,0x00000000c8e00000)
 Metaspace       used 6418K, capacity 7158K, committed 7296K, reserved 1056768K
  class space    used 599K, capacity 622K, committed 640K, reserved 1048576K
}
Event: 32.344 GC heap before
{Heap before GC invocations=14 (full 2):
 PSYoungGen      total 177152K, used 156160K [0x00000000eab00000, 0x00000000f9500000, 0x0000000100000000)
  eden space 156160K, 100% used [0x00000000eab00000,0x00000000f4380000,0x00000000f4380000)
  from space 20992K, 0% used [0x00000000f8080000,0x00000000f8080000,0x00000000f9500000)
  to   space 27648K, 0% used [0x00000000f5f00000,0x00000000f5f00000,0x00000000f7a00000)
 ParOldGen       total 145408K, used 100188K [0x00000000c0000000, 0x00000000c8e00000, 0x00000000eab00000)
  object space 145408K, 68% used [0x00000000c0000000,0x00000000c61d71d8,0x00000000c8e00000)
 Metaspace       used 6418K, capacity 7158K, committed 7296K, reserved 1056768K
  class space    used 599K, capacity 622K, committed 640K, reserved 1048576K
Event: 32.624 GC heap after
Heap after GC invocations=14 (full 2):
 PSYoungGen      total 211968K, used 27620K [0x00000000eab00000, 0x00000000fe700000, 0x0000000100000000)
  eden space 184320K, 0% used [0x00000000eab00000,0x00000000eab00000,0x00000000f5f00000)
  from space 27648K, 99% used [0x00000000f5f00000,0x00000000f79f91b0,0x00000000f7a00000)
  to   space 58368K, 0% used [0x00000000fae00000,0x00000000fae00000,0x00000000fe700000)
 ParOldGen       total 172032K, used 171114K [0x00000000c0000000, 0x00000000ca800000, 0x00000000eab00000)
  object space 172032K, 99% used [0x00000000c0000000,0x00000000ca71a8d0,0x00000000ca800000)
 Metaspace       used 6418K, capacity 7158K, committed 7296K, reserved 1056768K
  class space    used 599K, capacity 622K, committed 640K, reserved 1048576K
}
Event: 32.624 GC heap before
{Heap before GC invocations=15 (full 3):
 PSYoungGen      total 211968K, used 27620K [0x00000000eab00000, 0x00000000fe700000, 0x0000000100000000)
  eden space 184320K, 0% used [0x00000000eab00000,0x00000000eab00000,0x00000000f5f00000)
  from space 27648K, 99% used [0x00000000f5f00000,0x00000000f79f91b0,0x00000000f7a00000)
  to   space 58368K, 0% used [0x00000000fae00000,0x00000000fae00000,0x00000000fe700000)
 ParOldGen       total 172032K, used 171114K [0x00000000c0000000, 0x00000000ca800000, 0x00000000eab00000)
  object space 172032K, 99% used [0x00000000c0000000,0x00000000ca71a8d0,0x00000000ca800000)
 Metaspace       used 6418K, capacity 7158K, committed 7296K, reserved 1056768K
  class space    used 599K, capacity 622K, committed 640K, reserved 1048576K
Event: 34.563 GC heap after
Heap after GC invocations=15 (full 3):
 PSYoungGen      total 211968K, used 23937K [0x00000000eab00000, 0x00000000fe700000, 0x0000000100000000)
  eden space 184320K, 0% used [0x00000000eab00000,0x00000000eab00000,0x00000000f5f00000)
  from space 27648K, 86% used [0x00000000f5f00000,0x00000000f7660418,0x00000000f7a00000)
  to   space 58368K, 0% used [0x00000000fae00000,0x00000000fae00000,0x00000000fe700000)
 ParOldGen       total 254464K, used 171980K [0x00000000c0000000, 0x00000000cf880000, 0x00000000eab00000)
  object space 254464K, 67% used [0x00000000c0000000,0x00000000ca7f3258,0x00000000cf880000)
 Metaspace       used 6418K, capacity 7158K, committed 7296K, reserved 1056768K
  class space    used 599K, capacity 622K, committed 640K, reserved 1048576K
}
Event: 35.360 GC heap before
{Heap before GC invocations=16 (full 3):
 PSYoungGen      total 211968K, used 208257K [0x00000000eab00000, 0x00000000fe700000, 0x0000000100000000)
  eden space 184320K, 100% used [0x00000000eab00000,0x00000000f5f00000,0x00000000f5f00000)
  from space 27648K, 86% used [0x00000000f5f00000,0x00000000f7660418,0x00000000f7a00000)
  to   space 58368K, 0% used [0x00000000fae00000,0x00000000fae00000,0x00000000fe700000)
 ParOldGen       total 254464K, used 171980K [0x00000000c0000000, 0x00000000cf880000, 0x00000000eab00000)
  object space 254464K, 67% used [0x00000000c0000000,0x00000000ca7f3258,0x00000000cf880000)
 Metaspace       used 6419K, capacity 7158K, committed 7296K, reserved 1056768K
  class space    used 599K, capacity 622K, committed 640K, reserved 1048576K
Event: 43.305 GC heap after
Heap after GC invocations=16 (full 3):
 PSYoungGen      total 235520K, used 58349K [0x00000000eab00000, 0x0000000100000000, 0x0000000100000000)
  eden space 177152K, 0% used [0x00000000eab00000,0x00000000eab00000,0x00000000f5800000)
  from space 58368K, 99% used [0x00000000fae00000,0x00000000fe6fb440,0x00000000fe700000)
  to   space 86016K, 0% used [0x00000000f5800000,0x00000000f5800000,0x00000000fac00000)
 ParOldGen       total 254464K, used 220273K [0x00000000c0000000, 0x00000000cf880000, 0x00000000eab00000)
  object space 254464K, 86% used [0x00000000c0000000,0x00000000cd71c508,0x00000000cf880000)
 Metaspace       used 6419K, capacity 7158K, committed 7296K, reserved 1056768K
  class space    used 599K, capacity 622K, committed 640K, reserved 1048576K
}
Event: 44.326 GC heap before
{Heap before GC invocations=17 (full 4):
 PSYoungGen      total 235520K, used 58349K [0x00000000eab00000, 0x0000000100000000, 0x0000000100000000)
  eden space 177152K, 0% used [0x00000000eab00000,0x00000000eab00000,0x00000000f5800000)
  from space 58368K, 99% used [0x00000000fae00000,0x00000000fe6fb440,0x00000000fe700000)
  to   space 86016K, 0% used [0x00000000f5800000,0x00000000f5800000,0x00000000fac00000)
 ParOldGen       total 254464K, used 220273K [0x00000000c0000000, 0x00000000cf880000, 0x00000000eab00000)
  object space 254464K, 86% used [0x00000000c0000000,0x00000000cd71c508,0x00000000cf880000)
 Metaspace       used 6419K, capacity 7158K, committed 7296K, reserved 1056768K
  class space    used 599K, capacity 622K, committed 640K, reserved 1048576K

Deoptimization events (10 events):
Event: 11.097 Thread 0x00007fc124197800 Uncommon trap: reason=bimorphic action=maybe_recompile pc=0x00007fc11503d598 method=com.android.dx.cf.code.BytecodeArray.parseInstruction(ILcom/android/dx/cf/code/BytecodeArray$Visitor;)I @ 1357
Event: 11.098 Thread 0x00007fc124197800 Uncommon trap: reason=bimorphic action=maybe_recompile pc=0x00007fc11503d598 method=com.android.dx.cf.code.BytecodeArray.parseInstruction(ILcom/android/dx/cf/code/BytecodeArray$Visitor;)I @ 1357
Event: 14.048 Thread 0x00007fc12400a800 Uncommon trap: reason=bimorphic action=maybe_recompile pc=0x00007fc115040294 method=com.android.dx.cf.code.BytecodeArray.parseInstruction(ILcom/android/dx/cf/code/BytecodeArray$Visitor;)I @ 2484
Event: 14.048 Thread 0x00007fc12400a800 Uncommon trap: reason=bimorphic action=maybe_recompile pc=0x00007fc115040294 method=com.android.dx.cf.code.BytecodeArray.parseInstruction(ILcom/android/dx/cf/code/BytecodeArray$Visitor;)I @ 2484
Event: 34.975 Thread 0x00007fc124194000 Uncommon trap: reason=unstable_if action=reinterpret pc=0x00007fc114ca92f8 method=com.android.dx.ssa.SetFactory.makeLivenessSet(I)Lcom/android/dx/util/IntSet; @ 4
Event: 34.975 Thread 0x00007fc124194000 Uncommon trap: reason=unstable_if action=reinterpret pc=0x00007fc114cadd74 method=com.android.dx.ssa.SetFactory.makeLivenessSet(I)Lcom/android/dx/util/IntSet; @ 4
Event: 35.001 Thread 0x00007fc124194000 Uncommon trap: reason=class_check action=maybe_recompile pc=0x00007fc114cc2cf4 method=com.android.dx.ssa.back.InterferenceGraph.add(II)V @ 19
Event: 35.001 Thread 0x00007fc124194000 Uncommon trap: reason=class_check action=maybe_recompile pc=0x00007fc114cc2cf4 method=com.android.dx.ssa.back.InterferenceGraph.add(II)V @ 19
Event: 35.001 Thread 0x00007fc124194000 Uncommon trap: reason=class_check action=maybe_recompile pc=0x00007fc114cc2cf4 method=com.android.dx.ssa.back.InterferenceGraph.add(II)V @ 19
Event: 35.004 Thread 0x00007fc124194000 Uncommon trap: reason=class_check action=maybe_recompile pc=0x00007fc114cc2cf4 method=com.android.dx.ssa.back.InterferenceGraph.add(II)V @ 19

Internal exceptions (9 events):
Event: 0.134 Thread 0x00007fc12400a800 Exception <a 'java/lang/NoSuchMethodError': Method sun.misc.Unsafe.defineClass(Ljava/lang/String;[BII)Ljava/lang/Class; name or signature does not match> (0x00000000eab07ca8) thrown at [/build/openjdk-8-bnv6fG/openjdk-8-8u151-b12/src/hotspot/src/share/vm/
Event: 0.134 Thread 0x00007fc12400a800 Exception <a 'java/lang/NoSuchMethodError': Method sun.misc.Unsafe.prefetchRead(Ljava/lang/Object;J)V name or signature does not match> (0x00000000eab07f90) thrown at [/build/openjdk-8-bnv6fG/openjdk-8-8u151-b12/src/hotspot/src/share/vm/prims/jni.cpp, lin
Event: 0.333 Thread 0x00007fc12400a800 Exception <a 'java/util/zip/ZipException'> (0x00000000eab555a8) thrown at [/build/openjdk-8-bnv6fG/openjdk-8-8u151-b12/src/hotspot/src/share/vm/prims/jni.cpp, line 709]
Event: 0.333 Thread 0x00007fc12400a800 Exception <a 'java/security/PrivilegedActionException'> (0x00000000eab55848) thrown at [/build/openjdk-8-bnv6fG/openjdk-8-8u151-b12/src/hotspot/src/share/vm/prims/jvm.cpp, line 1390]
Event: 0.333 Thread 0x00007fc12400a800 Exception <a 'java/security/PrivilegedActionException'> (0x00000000eab55a58) thrown at [/build/openjdk-8-bnv6fG/openjdk-8-8u151-b12/src/hotspot/src/share/vm/prims/jvm.cpp, line 1390]
Event: 5.231 Thread 0x00007fc124199000 Implicit null exception at 0x00007fc114c22b62 to 0x00007fc114c22c5b
Event: 6.558 Thread 0x00007fc12400a800 Exception <a 'java/lang/ArrayIndexOutOfBoundsException': 18> (0x00000000eb964900) thrown at [/build/openjdk-8-bnv6fG/openjdk-8-8u151-b12/src/hotspot/src/share/vm/interpreter/interpreterRuntime.cpp, line 366]
Event: 6.562 Thread 0x00007fc12400a800 Exception <a 'java/lang/ArrayIndexOutOfBoundsException': 145> (0x00000000eb966480) thrown at [/build/openjdk-8-bnv6fG/openjdk-8-8u151-b12/src/hotspot/src/share/vm/interpreter/interpreterRuntime.cpp, line 366]
Event: 6.570 Thread 0x00007fc12400a800 Exception <a 'java/lang/ArrayIndexOutOfBoundsException': 40> (0x00000000eb967768) thrown at [/build/openjdk-8-bnv6fG/openjdk-8-8u151-b12/src/hotspot/src/share/vm/interpreter/interpreterRuntime.cpp, line 366]

Events (10 events):
Event: 35.270 Thread 0x00007fc12400a800 DEOPT UNPACKING pc=0x00007fc114a20373 sp=0x00007fc12b16d598 mode 0
Event: 35.271 Thread 0x00007fc12400a800 DEOPT PACKING pc=0x00007fc114c8e47c sp=0x00007fc12b16d860
Event: 35.271 Thread 0x00007fc12400a800 DEOPT UNPACKING pc=0x00007fc114a20373 sp=0x00007fc12b16d598 mode 0
Event: 35.317 Thread 0x00007fc12400a800 DEOPT PACKING pc=0x00007fc114c8e47c sp=0x00007fc12b16d860
Event: 35.317 Thread 0x00007fc12400a800 DEOPT UNPACKING pc=0x00007fc114a20373 sp=0x00007fc12b16d598 mode 0
Event: 35.318 Thread 0x00007fc12400a800 DEOPT PACKING pc=0x00007fc114c8e47c sp=0x00007fc12b16d860
Event: 35.318 Thread 0x00007fc12400a800 DEOPT UNPACKING pc=0x00007fc114a20373 sp=0x00007fc12b16d598 mode 0
Event: 35.320 Thread 0x00007fc12400a800 DEOPT PACKING pc=0x00007fc114c8e47c sp=0x00007fc12b16d860
Event: 35.320 Thread 0x00007fc12400a800 DEOPT UNPACKING pc=0x00007fc114a20373 sp=0x00007fc12b16d598 mode 0
Event: 35.347 Executing VM operation: ParallelGCFailedAllocation


Dynamic libraries:
c0000000-cf880000 rw-p 00000000 00:00 0 
d6600000-eab00000 ---p 00000000 00:00 0 
eab00000-100000000 rw-p 00000000 00:00 0 
100000000-1000a0000 rw-p 00000000 00:00 0 
1000a0000-140000000 ---p 00000000 00:00 0 
562f527a3000-562f527a4000 r-xp 00000000 08:02 783962                     /usr/lib/jvm/java-8-openjdk-amd64/jre/bin/java
562f529a3000-562f529a4000 r--p 00000000 08:02 783962                     /usr/lib/jvm/java-8-openjdk-amd64/jre/bin/java
562f529a4000-562f529a5000 rw-p 00001000 08:02 783962                     /usr/lib/jvm/java-8-openjdk-amd64/jre/bin/java
562f530df000-562f53100000 rw-p 00000000 00:00 0                          [heap]
7fc0c4000000-7fc0c4054000 rw-p 00000000 00:00 0 
7fc0c4054000-7fc0c8000000 ---p 00000000 00:00 0 
7fc0c8000000-7fc0c8021000 rw-p 00000000 00:00 0 
7fc0c8021000-7fc0cc000000 ---p 00000000 00:00 0 
7fc0cc000000-7fc0cc021000 rw-p 00000000 00:00 0 
7fc0cc021000-7fc0d0000000 ---p 00000000 00:00 0 
7fc0d0000000-7fc0d003b000 rw-p 00000000 00:00 0 
7fc0d003b000-7fc0d4000000 ---p 00000000 00:00 0 
7fc0d4000000-7fc0d4021000 rw-p 00000000 00:00 0 
7fc0d4021000-7fc0d8000000 ---p 00000000 00:00 0 
7fc0d8000000-7fc0d805c000 rw-p 00000000 00:00 0 
7fc0d805c000-7fc0dc000000 ---p 00000000 00:00 0 
7fc0dc000000-7fc0dcb5b000 rw-p 00000000 00:00 0 
7fc0dcb5b000-7fc0e0000000 ---p 00000000 00:00 0 
7fc0e0000000-7fc0e0021000 rw-p 00000000 00:00 0 
7fc0e0021000-7fc0e4000000 ---p 00000000 00:00 0 
7fc0e4000000-7fc0e55ac000 rw-p 00000000 00:00 0 
7fc0e55ac000-7fc0e8000000 ---p 00000000 00:00 0 
7fc0e8000000-7fc0e8e13000 rw-p 00000000 00:00 0 
7fc0e8e13000-7fc0ec000000 ---p 00000000 00:00 0 
7fc0ec000000-7fc0ec021000 rw-p 00000000 00:00 0 
7fc0ec021000-7fc0f0000000 ---p 00000000 00:00 0 
7fc0f0000000-7fc0f0021000 rw-p 00000000 00:00 0 
7fc0f0021000-7fc0f4000000 ---p 00000000 00:00 0 
7fc0f4000000-7fc0f4024000 rw-p 00000000 00:00 0 
7fc0f4024000-7fc0f8000000 ---p 00000000 00:00 0 
7fc0f8000000-7fc0f8021000 rw-p 00000000 00:00 0 
7fc0f8021000-7fc0fc000000 ---p 00000000 00:00 0 
7fc0fc000000-7fc0fc0db000 rw-p 00000000 00:00 0 
7fc0fc0db000-7fc100000000 ---p 00000000 00:00 0 
7fc100000000-7fc100021000 rw-p 00000000 00:00 0 
7fc100021000-7fc104000000 ---p 00000000 00:00 0 
7fc104000000-7fc104021000 rw-p 00000000 00:00 0 
7fc104021000-7fc108000000 ---p 00000000 00:00 0 
7fc10b17e000-7fc10b181000 ---p 00000000 00:00 0 
7fc10b181000-7fc10b27f000 rw-p 00000000 00:00 0 
7fc10b27f000-7fc10b282000 ---p 00000000 00:00 0 
7fc10b282000-7fc10b380000 rw-p 00000000 00:00 0 
7fc10b380000-7fc10b383000 ---p 00000000 00:00 0 
7fc10b383000-7fc10b481000 rw-p 00000000 00:00 0 
7fc10b481000-7fc10b484000 ---p 00000000 00:00 0 
7fc10b484000-7fc10b582000 rw-p 00000000 00:00 0 
7fc10b582000-7fc10b585000 ---p 00000000 00:00 0 
7fc10b585000-7fc10b683000 rw-p 00000000 00:00 0 
7fc10b683000-7fc10b696000 r--s 000d1000 08:11 21633972                   /home/muneeb/projects/UrduLearn/android/app/build/intermediates/exploded-aar/com.google.android.gms/play-services-ads/10.0.1/jars/classes.jar
7fc10b696000-7fc10b6b1000 r--s 00394000 08:02 784579                     /usr/lib/jvm/java-8-openjdk-amd64/jre/lib/ext/cldrdata.jar
7fc10b6b1000-7fc10b6cc000 r--s 001d6000 08:02 788932                     /usr/lib/jvm/java-8-openjdk-amd64/jre/lib/ext/nashorn.jar
7fc10b6cc000-7fc10b6cd000 ---p 00000000 00:00 0 
7fc10b6cd000-7fc10b7cd000 rw-p 00000000 00:00 0 
7fc10b7cd000-7fc10b7d0000 ---p 00000000 00:00 0 
7fc10b7d0000-7fc10b8ce000 rw-p 00000000 00:00 0 
7fc10b8ce000-7fc10b8d1000 ---p 00000000 00:00 0 
7fc10b8d1000-7fc10b9cf000 rw-p 00000000 00:00 0 
7fc10b9cf000-7fc10b9d2000 ---p 00000000 00:00 0 
7fc10b9d2000-7fc10bad0000 rw-p 00000000 00:00 0 
7fc10bad0000-7fc10bad3000 ---p 00000000 00:00 0 
7fc10bad3000-7fc10bbd1000 rw-p 00000000 00:00 0 
7fc10bbd1000-7fc10bbd4000 ---p 00000000 00:00 0 
7fc10bbd4000-7fc10bcd2000 rw-p 00000000 00:00 0 
7fc10bcd2000-7fc10c000000 r--p 00000000 08:02 1306465                    /usr/lib/locale/locale-archive
7fc10c000000-7fc10c021000 rw-p 00000000 00:00 0 
7fc10c021000-7fc110000000 ---p 00000000 00:00 0 
7fc11000b000-7fc11000e000 ---p 00000000 00:00 0 
7fc11000e000-7fc11010c000 rw-p 00000000 00:00 0 
7fc11010c000-7fc11010f000 ---p 00000000 00:00 0 
7fc11010f000-7fc11020d000 rw-p 00000000 00:00 0 
7fc11020d000-7fc11020e000 ---p 00000000 00:00 0 
7fc11020e000-7fc1112ef000 rw-p 00000000 00:00 0 
7fc1112ef000-7fc1114be000 r--s 03c21000 08:02 789016                     /usr/lib/jvm/java-8-openjdk-amd64/jre/lib/rt.jar
7fc1114be000-7fc111b3e000 rw-p 00000000 00:00 0 
7fc111b3e000-7fc111cbe000 ---p 00000000 00:00 0 
7fc111cbe000-7fc113ebe000 rw-p 00000000 00:00 0 
7fc113ebe000-7fc113ebf000 ---p 00000000 00:00 0 
7fc113ebf000-7fc113fbf000 rw-p 00000000 00:00 0 
7fc113fbf000-7fc113fc0000 ---p 00000000 00:00 0 
7fc113fc0000-7fc1140c0000 rw-p 00000000 00:00 0 
7fc1140c0000-7fc1140c1000 ---p 00000000 00:00 0 
7fc1140c1000-7fc1141c1000 rw-p 00000000 00:00 0 
7fc1141c1000-7fc1141c2000 ---p 00000000 00:00 0 
7fc1141c2000-7fc11433f000 rw-p 00000000 00:00 0 
7fc11433f000-7fc114418000 ---p 00000000 00:00 0 
7fc114418000-7fc114495000 rw-p 00000000 00:00 0 
7fc114495000-7fc11456d000 ---p 00000000 00:00 0 
7fc11456d000-7fc114618000 rw-p 00000000 00:00 0 
7fc114618000-7fc114639000 rw-p 00000000 00:00 0 
7fc114639000-7fc1149d9000 ---p 00000000 00:00 0 
7fc1149d9000-7fc1151b9000 rwxp 00000000 00:00 0 
7fc1151b9000-7fc1239d9000 ---p 00000000 00:00 0 
7fc1239d9000-7fc1239e1000 r-xp 00000000 08:02 784008                     /usr/lib/jvm/java-8-openjdk-amd64/jre/lib/amd64/libzip.so
7fc1239e1000-7fc123be0000 ---p 00008000 08:02 784008                     /usr/lib/jvm/java-8-openjdk-amd64/jre/lib/amd64/libzip.so
7fc123be0000-7fc123be1000 r--p 00007000 08:02 784008                     /usr/lib/jvm/java-8-openjdk-amd64/jre/lib/amd64/libzip.so
7fc123be1000-7fc123be2000 rw-p 00008000 08:02 784008                     /usr/lib/jvm/java-8-openjdk-amd64/jre/lib/amd64/libzip.so
7fc123be2000-7fc123bed000 r-xp 00000000 08:02 1046018                    /lib/x86_64-linux-gnu/libnss_files-2.26.so
7fc123bed000-7fc123dec000 ---p 0000b000 08:02 1046018                    /lib/x86_64-linux-gnu/libnss_files-2.26.so
7fc123dec000-7fc123ded000 r--p 0000a000 08:02 1046018                    /lib/x86_64-linux-gnu/libnss_files-2.26.so
7fc123ded000-7fc123dee000 rw-p 0000b000 08:02 1046018                    /lib/x86_64-linux-gnu/libnss_files-2.26.so
7fc123dee000-7fc123df4000 rw-p 00000000 00:00 0 
7fc123df4000-7fc123dff000 r-xp 00000000 08:02 1046593                    /lib/x86_64-linux-gnu/libnss_nis-2.26.so
7fc123dff000-7fc123ffe000 ---p 0000b000 08:02 1046593                    /lib/x86_64-linux-gnu/libnss_nis-2.26.so
7fc123ffe000-7fc123fff000 r--p 0000a000 08:02 1046593                    /lib/x86_64-linux-gnu/libnss_nis-2.26.so
7fc123fff000-7fc124000000 rw-p 0000b000 08:02 1046593                    /lib/x86_64-linux-gnu/libnss_nis-2.26.so
7fc124000000-7fc124217000 rw-p 00000000 00:00 0 
7fc124217000-7fc128000000 ---p 00000000 00:00 0 
7fc128009000-7fc12807f000 rw-p 00000000 00:00 0 
7fc12807f000-7fc128096000 r-xp 00000000 08:02 1046006                    /lib/x86_64-linux-gnu/libnsl-2.26.so
7fc128096000-7fc128295000 ---p 00017000 08:02 1046006                    /lib/x86_64-linux-gnu/libnsl-2.26.so
7fc128295000-7fc128296000 r--p 00016000 08:02 1046006                    /lib/x86_64-linux-gnu/libnsl-2.26.so
7fc128296000-7fc128297000 rw-p 00017000 08:02 1046006                    /lib/x86_64-linux-gnu/libnsl-2.26.so
7fc128297000-7fc128299000 rw-p 00000000 00:00 0 
7fc128299000-7fc1282a1000 r-xp 00000000 08:02 1046010                    /lib/x86_64-linux-gnu/libnss_compat-2.26.so
7fc1282a1000-7fc1284a0000 ---p 00008000 08:02 1046010                    /lib/x86_64-linux-gnu/libnss_compat-2.26.so
7fc1284a0000-7fc1284a1000 r--p 00007000 08:02 1046010                    /lib/x86_64-linux-gnu/libnss_compat-2.26.so
7fc1284a1000-7fc1284a2000 rw-p 00008000 08:02 1046010                    /lib/x86_64-linux-gnu/libnss_compat-2.26.so
7fc1284a2000-7fc1284cf000 r-xp 00000000 08:02 783989                     /usr/lib/jvm/java-8-openjdk-amd64/jre/lib/amd64/libjava.so
7fc1284cf000-7fc1286cf000 ---p 0002d000 08:02 783989                     /usr/lib/jvm/java-8-openjdk-amd64/jre/lib/amd64/libjava.so
7fc1286cf000-7fc1286d0000 r--p 0002d000 08:02 783989                     /usr/lib/jvm/java-8-openjdk-amd64/jre/lib/amd64/libjava.so
7fc1286d0000-7fc1286d2000 rw-p 0002e000 08:02 783989                     /usr/lib/jvm/java-8-openjdk-amd64/jre/lib/amd64/libjava.so
7fc1286d2000-7fc1286e2000 r-xp 00000000 08:02 784007                     /usr/lib/jvm/java-8-openjdk-amd64/jre/lib/amd64/libverify.so
7fc1286e2000-7fc1288e1000 ---p 00010000 08:02 784007                     /usr/lib/jvm/java-8-openjdk-amd64/jre/lib/amd64/libverify.so
7fc1288e1000-7fc1288e3000 r--p 0000f000 08:02 784007                     /usr/lib/jvm/java-8-openjdk-amd64/jre/lib/amd64/libverify.so
7fc1288e3000-7fc1288e4000 rw-p 00011000 08:02 784007                     /usr/lib/jvm/java-8-openjdk-amd64/jre/lib/amd64/libverify.so
7fc1288e4000-7fc1288eb000 r-xp 00000000 08:02 1046603                    /lib/x86_64-linux-gnu/librt-2.26.so
7fc1288eb000-7fc128aea000 ---p 00007000 08:02 1046603                    /lib/x86_64-linux-gnu/librt-2.26.so
7fc128aea000-7fc128aeb000 r--p 00006000 08:02 1046603                    /lib/x86_64-linux-gnu/librt-2.26.so
7fc128aeb000-7fc128aec000 rw-p 00007000 08:02 1046603                    /lib/x86_64-linux-gnu/librt-2.26.so
7fc128aec000-7fc128b02000 r-xp 00000000 08:02 1046562                    /lib/x86_64-linux-gnu/libgcc_s.so.1
7fc128b02000-7fc128d01000 ---p 00016000 08:02 1046562                    /lib/x86_64-linux-gnu/libgcc_s.so.1
7fc128d01000-7fc128d02000 r--p 00015000 08:02 1046562                    /lib/x86_64-linux-gnu/libgcc_s.so.1
7fc128d02000-7fc128d03000 rw-p 00016000 08:02 1046562                    /lib/x86_64-linux-gnu/libgcc_s.so.1
7fc128d03000-7fc128e58000 r-xp 00000000 08:02 1045990                    /lib/x86_64-linux-gnu/libm-2.26.so
7fc128e58000-7fc129057000 ---p 00155000 08:02 1045990                    /lib/x86_64-linux-gnu/libm-2.26.so
7fc129057000-7fc129058000 r--p 00154000 08:02 1045990                    /lib/x86_64-linux-gnu/libm-2.26.so
7fc129058000-7fc129059000 rw-p 00155000 08:02 1045990                    /lib/x86_64-linux-gnu/libm-2.26.so
7fc129059000-7fc1291d1000 r-xp 00000000 08:02 1312001                    /usr/lib/x86_64-linux-gnu/libstdc++.so.6.0.24
7fc1291d1000-7fc1293d0000 ---p 00178000 08:02 1312001                    /usr/lib/x86_64-linux-gnu/libstdc++.so.6.0.24
7fc1293d0000-7fc1293da000 r--p 00177000 08:02 1312001                    /usr/lib/x86_64-linux-gnu/libstdc++.so.6.0.24
7fc1293da000-7fc1293dc000 rw-p 00181000 08:02 1312001                    /usr/lib/x86_64-linux-gnu/libstdc++.so.6.0.24
7fc1293dc000-7fc1293df000 rw-p 00000000 00:00 0 
7fc1293df000-7fc12a069000 r-xp 00000000 08:02 784010                     /usr/lib/jvm/java-8-openjdk-amd64/jre/lib/amd64/server/libjvm.so
7fc12a069000-7fc12a269000 ---p 00c8a000 08:02 784010                     /usr/lib/jvm/java-8-openjdk-amd64/jre/lib/amd64/server/libjvm.so
7fc12a269000-7fc12a2fc000 r--p 00c8a000 08:02 784010                     /usr/lib/jvm/java-8-openjdk-amd64/jre/lib/amd64/server/libjvm.so
7fc12a2fc000-7fc12a324000 rw-p 00d1d000 08:02 784010                     /usr/lib/jvm/java-8-openjdk-amd64/jre/lib/amd64/server/libjvm.so
7fc12a324000-7fc12a355000 rw-p 00000000 00:00 0 
7fc12a355000-7fc12a36f000 r-xp 00000000 08:02 1046599                    /lib/x86_64-linux-gnu/libpthread-2.26.so
7fc12a36f000-7fc12a56e000 ---p 0001a000 08:02 1046599                    /lib/x86_64-linux-gnu/libpthread-2.26.so
7fc12a56e000-7fc12a56f000 r--p 00019000 08:02 1046599                    /lib/x86_64-linux-gnu/libpthread-2.26.so
7fc12a56f000-7fc12a570000 rw-p 0001a000 08:02 1046599                    /lib/x86_64-linux-gnu/libpthread-2.26.so
7fc12a570000-7fc12a574000 rw-p 00000000 00:00 0 
7fc12a574000-7fc12a577000 r-xp 00000000 08:02 1045986                    /lib/x86_64-linux-gnu/libdl-2.26.so
7fc12a577000-7fc12a776000 ---p 00003000 08:02 1045986                    /lib/x86_64-linux-gnu/libdl-2.26.so
7fc12a776000-7fc12a777000 r--p 00002000 08:02 1045986                    /lib/x86_64-linux-gnu/libdl-2.26.so
7fc12a777000-7fc12a778000 rw-p 00003000 08:02 1045986                    /lib/x86_64-linux-gnu/libdl-2.26.so
7fc12a778000-7fc12a794000 r-xp 00000000 08:02 1047013                    /lib/x86_64-linux-gnu/libz.so.1.2.11
7fc12a794000-7fc12a993000 ---p 0001c000 08:02 1047013                    /lib/x86_64-linux-gnu/libz.so.1.2.11
7fc12a993000-7fc12a994000 r--p 0001b000 08:02 1047013                    /lib/x86_64-linux-gnu/libz.so.1.2.11
7fc12a994000-7fc12a995000 rw-p 0001c000 08:02 1047013                    /lib/x86_64-linux-gnu/libz.so.1.2.11
7fc12a995000-7fc12ab6b000 r-xp 00000000 08:02 1044867                    /lib/x86_64-linux-gnu/libc-2.26.so
7fc12ab6b000-7fc12ad6b000 ---p 001d6000 08:02 1044867                    /lib/x86_64-linux-gnu/libc-2.26.so
7fc12ad6b000-7fc12ad6f000 r--p 001d6000 08:02 1044867                    /lib/x86_64-linux-gnu/libc-2.26.so
7fc12ad6f000-7fc12ad71000 rw-p 001da000 08:02 1044867                    /lib/x86_64-linux-gnu/libc-2.26.so
7fc12ad71000-7fc12ad75000 rw-p 00000000 00:00 0 
7fc12ad75000-7fc12ad83000 r-xp 00000000 08:02 783975                     /usr/lib/jvm/java-8-openjdk-amd64/jre/lib/amd64/jli/libjli.so
7fc12ad83000-7fc12af82000 ---p 0000e000 08:02 783975                     /usr/lib/jvm/java-8-openjdk-amd64/jre/lib/amd64/jli/libjli.so
7fc12af82000-7fc12af83000 r--p 0000d000 08:02 783975                     /usr/lib/jvm/java-8-openjdk-amd64/jre/lib/amd64/jli/libjli.so
7fc12af83000-7fc12af84000 rw-p 0000e000 08:02 783975                     /usr/lib/jvm/java-8-openjdk-amd64/jre/lib/amd64/jli/libjli.so
7fc12af84000-7fc12afab000 r-xp 00000000 08:02 1044848                    /lib/x86_64-linux-gnu/ld-2.26.so
7fc12afb2000-7fc12afc1000 r--s 000df000 08:11 16126015                   /home/muneeb/Android/Sdk/build-tools/23.0.1/lib/dx.jar
7fc12afc1000-7fc12afcb000 r--s 00116000 08:02 788928                     /usr/lib/jvm/java-8-openjdk-amd64/jre/lib/ext/localedata.jar
7fc12afcb000-7fc12b06f000 rw-p 00000000 00:00 0 
7fc12b06f000-7fc12b072000 ---p 00000000 00:00 0 
7fc12b072000-7fc12b175000 rw-p 00000000 00:00 0 
7fc12b175000-7fc12b177000 r--s 00008000 08:02 788936                     /usr/lib/jvm/java-8-openjdk-amd64/jre/lib/ext/sunec.jar
7fc12b177000-7fc12b178000 r--s 00010000 08:02 788948                     /usr/lib/jvm/java-8-openjdk-amd64/jre/lib/ext/zipfs.jar
7fc12b178000-7fc12b17a000 r--s 00001000 08:02 788916                     /usr/lib/jvm/java-8-openjdk-amd64/jre/lib/ext/dnsns.jar
7fc12b17a000-7fc12b17d000 r--s 0000f000 08:02 788920                     /usr/lib/jvm/java-8-openjdk-amd64/jre/lib/ext/icedtea-sound.jar
7fc12b17d000-7fc12b183000 r--s 0003a000 08:02 788940                     /usr/lib/jvm/java-8-openjdk-amd64/jre/lib/ext/sunjce_provider.jar
7fc12b183000-7fc12b187000 r--s 00037000 08:02 788944                     /usr/lib/jvm/java-8-openjdk-amd64/jre/lib/ext/sunpkcs11.jar
7fc12b187000-7fc12b189000 r--s 00007000 08:02 138019                     /usr/share/java/java-atk-wrapper.jar
7fc12b189000-7fc12b18a000 r--s 0000a000 08:02 788924                     /usr/lib/jvm/java-8-openjdk-amd64/jre/lib/ext/jaccess.jar
7fc12b18a000-7fc12b19e000 rw-p 00000000 00:00 0 
7fc12b19e000-7fc12b1a6000 rw-s 00000000 08:02 1492055                    /tmp/hsperfdata_muneeb/4844
7fc12b1a6000-7fc12b1a7000 rw-p 00000000 00:00 0 
7fc12b1a7000-7fc12b1a8000 ---p 00000000 00:00 0 
7fc12b1a8000-7fc12b1ab000 rw-p 00000000 00:00 0 
7fc12b1ab000-7fc12b1ac000 r--p 00027000 08:02 1044848                    /lib/x86_64-linux-gnu/ld-2.26.so
7fc12b1ac000-7fc12b1ad000 rw-p 00028000 08:02 1044848                    /lib/x86_64-linux-gnu/ld-2.26.so
7fc12b1ad000-7fc12b1ae000 rw-p 00000000 00:00 0 
7ffcacf8f000-7ffcacfb1000 rw-p 00000000 00:00 0                          [stack]
7ffcacfc7000-7ffcacfca000 r--p 00000000 00:00 0                          [vvar]
7ffcacfca000-7ffcacfcc000 r-xp 00000000 00:00 0                          [vdso]
ffffffffff600000-ffffffffff601000 r-xp 00000000 00:00 0                  [vsyscall]

VM Arguments:
jvm_args: -Djava.awt.headless=true -Xmx1024M -Dfile.encoding=UTF-8 -Duser.country=US -Duser.language=en -Duser.variant 
java_command: com.android.dx.command.Main --dex --num-threads=4 --output /home/muneeb/projects/UrduLearn/android/app/build/intermediates/pre-dexed/debug/com.google.android.gms-play-services-ads-10.0.1_dad4e32c0fb02f0227119b3acd696af414c5d3d9.jar /home/muneeb/projects/UrduLearn/android/app/build/intermediates/exploded-aar/com.google.android.gms/play-services-ads/10.0.1/jars/classes.jar
java_class_path (initial): /home/muneeb/Android/Sdk/build-tools/23.0.1/lib/dx.jar
Launcher Type: SUN_STANDARD

Environment Variables:
PATH=/home/muneeb/bin:/home/muneeb/.local/bin:/usr/local/sbin:/usr/local/bin:/usr/sbin:/usr/bin:/sbin:/bin:/usr/games:/usr/local/games:/snap/bin:/home/muneeb/Android/Sdk/tools:/home/muneeb/Android/Sdk/platform-tools:/opt/mssql-tools/bin:/opt/mssql-tools/bin
SHELL=/bin/bash
DISPLAY=:0

Signal Handlers:
SIGSEGV: [libjvm.so+0xaa6ae0], sa_mask[0]=11111111011111111101111111111110, sa_flags=SA_RESTART|SA_SIGINFO
SIGBUS: [libjvm.so+0xaa6ae0], sa_mask[0]=11111111011111111101111111111110, sa_flags=SA_RESTART|SA_SIGINFO
SIGFPE: [libjvm.so+0x8ddf00], sa_mask[0]=11111111011111111101111111111110, sa_flags=SA_RESTART|SA_SIGINFO
SIGPIPE: [libjvm.so+0x8ddf00], sa_mask[0]=11111111011111111101111111111110, sa_flags=SA_RESTART|SA_SIGINFO
SIGXFSZ: [libjvm.so+0x8ddf00], sa_mask[0]=11111111011111111101111111111110, sa_flags=SA_RESTART|SA_SIGINFO
SIGILL: [libjvm.so+0x8ddf00], sa_mask[0]=11111111011111111101111111111110, sa_flags=SA_RESTART|SA_SIGINFO
SIGUSR1: SIG_DFL, sa_mask[0]=00000000000000000000000000000000, sa_flags=none
SIGUSR2: [libjvm.so+0x8dddb0], sa_mask[0]=00100000000000000000000000000000, sa_flags=SA_RESTART|SA_SIGINFO
SIGHUP: [libjvm.so+0x8de260], sa_mask[0]=11111111011111111101111111111110, sa_flags=SA_RESTART|SA_SIGINFO
SIGINT: [libjvm.so+0x8de260], sa_mask[0]=11111111011111111101111111111110, sa_flags=SA_RESTART|SA_SIGINFO
SIGTERM: [libjvm.so+0x8de260], sa_mask[0]=11111111011111111101111111111110, sa_flags=SA_RESTART|SA_SIGINFO
SIGQUIT: [libjvm.so+0x8de260], sa_mask[0]=11111111011111111101111111111110, sa_flags=SA_RESTART|SA_SIGINFO


---------------  S Y S T E M  ---------------

OS:DISTRIB_ID=Ubuntu
DISTRIB_RELEASE=17.10
DISTRIB_CODENAME=artful
DISTRIB_DESCRIPTION="Ubuntu 17.10"

uname:Linux 4.13.0-21-generic #24-Ubuntu SMP Mon Dec 18 17:29:16 UTC 2017 x86_64
libc:glibc 2.26 NPTL 2.26 
rlimit: STACK 8192k, CORE 0k, NPROC 15110, NOFILE 4096, AS infinity
load average:88.15 40.53 17.27

/proc/meminfo:
MemTotal:        3957068 kB
MemFree:           86492 kB
MemAvailable:       5512 kB
Buffers:             468 kB
Cached:           431336 kB
SwapCached:          752 kB
Active:          2963960 kB
Inactive:         596936 kB
Active(anon):    2959096 kB
Inactive(anon):   591944 kB
Active(file):       4864 kB
Inactive(file):     4992 kB
Unevictable:          32 kB
Mlocked:              32 kB
SwapTotal:       4106236 kB
SwapFree:              0 kB
Dirty:                56 kB
Writeback:           352 kB
AnonPages:       3128916 kB
Mapped:            10640 kB
Shmem:            421820 kB
Slab:             136608 kB
SReclaimable:      70696 kB
SUnreclaim:        65912 kB
KernelStack:       19504 kB
PageTables:        84916 kB
NFS_Unstable:          0 kB
Bounce:                0 kB
WritebackTmp:          0 kB
CommitLimit:     6084768 kB
Committed_AS:   17319812 kB
VmallocTotal:   34359738367 kB
VmallocUsed:           0 kB
VmallocChunk:          0 kB
HardwareCorrupted:     0 kB
AnonHugePages:         0 kB
ShmemHugePages:        0 kB
ShmemPmdMapped:        0 kB
CmaTotal:              0 kB
CmaFree:               0 kB
HugePages_Total:       0
HugePages_Free:        0
HugePages_Rsvd:        0
HugePages_Surp:        0
Hugepagesize:       2048 kB
DirectMap4k:      442284 kB
DirectMap2M:     3665920 kB
DirectMap1G:     1048576 kB


CPU:total 4 (initial active 4) (2 cores per cpu, 2 threads per core) family 6 model 61 stepping 4, cmov, cx8, fxsr, mmx, sse, sse2, sse3, ssse3, sse4.1, sse4.2, popcnt, avx, avx2, aes, clmul, erms, 3dnowpref, lzcnt, ht, tsc, tscinvbit, bmi1, bmi2, adx

/proc/cpuinfo:
processor	: 0
vendor_id	: GenuineIntel
cpu family	: 6
model		: 61
model name	: Intel(R) Core(TM) M-5Y10c CPU @ 0.80GHz
stepping	: 4
microcode	: 0x24
cpu MHz		: 997.738
cache size	: 4096 KB
physical id	: 0
siblings	: 4
core id		: 0
cpu cores	: 2
apicid		: 0
initial apicid	: 0
fpu		: yes
fpu_exception	: yes
cpuid level	: 20
wp		: yes
flags		: fpu vme de pse tsc msr pae mce cx8 apic sep mtrr pge mca cmov pat pse36 clflush dts acpi mmx fxsr sse sse2 ss ht tm pbe syscall nx pdpe1gb rdtscp lm constant_tsc arch_perfmon pebs bts rep_good nopl xtopology nonstop_tsc cpuid aperfmperf pni pclmulqdq dtes64 monitor ds_cpl vmx est tm2 ssse3 sdbg fma cx16 xtpr pdcm pcid sse4_1 sse4_2 x2apic movbe popcnt aes xsave avx f16c rdrand lahf_lm abm 3dnowprefetch cpuid_fault epb intel_pt tpr_shadow vnmi flexpriority ept vpid fsgsbase tsc_adjust bmi1 avx2 smep bmi2 erms invpcid rdseed adx smap xsaveopt dtherm ida arat pln pts
bugs		:
bogomips	: 1995.47
clflush size	: 64
cache_alignment	: 64
address sizes	: 39 bits physical, 48 bits virtual
power management:

processor	: 1
vendor_id	: GenuineIntel
cpu family	: 6
model		: 61
model name	: Intel(R) Core(TM) M-5Y10c CPU @ 0.80GHz
stepping	: 4
microcode	: 0x24
cpu MHz		: 997.738
cache size	: 4096 KB
physical id	: 0
siblings	: 4
core id		: 1
cpu cores	: 2
apicid		: 2
initial apicid	: 2
fpu		: yes
fpu_exception	: yes
cpuid level	: 20
wp		: yes
flags		: fpu vme de pse tsc msr pae mce cx8 apic sep mtrr pge mca cmov pat pse36 clflush dts acpi mmx fxsr sse sse2 ss ht tm pbe syscall nx pdpe1gb rdtscp lm constant_tsc arch_perfmon pebs bts rep_good nopl xtopology nonstop_tsc cpuid aperfmperf pni pclmulqdq dtes64 monitor ds_cpl vmx est tm2 ssse3 sdbg fma cx16 xtpr pdcm pcid sse4_1 sse4_2 x2apic movbe popcnt aes xsave avx f16c rdrand lahf_lm abm 3dnowprefetch cpuid_fault epb intel_pt tpr_shadow vnmi flexpriority ept vpid fsgsbase tsc_adjust bmi1 avx2 smep bmi2 erms invpcid rdseed adx smap xsaveopt dtherm ida arat pln pts
bugs		:
bogomips	: 1995.47
clflush size	: 64
cache_alignment	: 64
address sizes	: 39 bits physical, 48 bits virtual
power management:

processor	: 2
vendor_id	: GenuineIntel
cpu family	: 6
model		: 61
model name	: Intel(R) Core(TM) M-5Y10c CPU @ 0.80GHz
stepping	: 4
microcode	: 0x24
cpu MHz		: 997.738
cache size	: 4096 KB
physical id	: 0
siblings	: 4
core id		: 0
cpu cores	: 2
apicid		: 1
initial apicid	: 1
fpu		: yes
fpu_exception	: yes
cpuid level	: 20
wp		: yes
flags		: fpu vme de pse tsc msr pae mce cx8 apic sep mtrr pge mca cmov pat pse36 clflush dts acpi mmx fxsr sse sse2 ss ht tm pbe syscall nx pdpe1gb rdtscp lm constant_tsc arch_perfmon pebs bts rep_good nopl xtopology nonstop_tsc cpuid aperfmperf pni pclmulqdq dtes64 monitor ds_cpl vmx est tm2 ssse3 sdbg fma cx16 xtpr pdcm pcid sse4_1 sse4_2 x2apic movbe popcnt aes xsave avx f16c rdrand lahf_lm abm 3dnowprefetch cpuid_fault epb intel_pt tpr_shadow vnmi flexpriority ept vpid fsgsbase tsc_adjust bmi1 avx2 smep bmi2 erms invpcid rdseed adx smap xsaveopt dtherm ida arat pln pts
bugs		:
bogomips	: 1995.47
clflush size	: 64
cache_alignment	: 64
address sizes	: 39 bits physical, 48 bits virtual
power management:

processor	: 3
vendor_id	: GenuineIntel
cpu family	: 6
model		: 61
model name	: Intel(R) Core(TM) M-5Y10c CPU @ 0.80GHz
stepping	: 4
microcode	: 0x24
cpu MHz		: 997.738
cache size	: 4096 KB
physical id	: 0
siblings	: 4
core id		: 1
cpu cores	: 2
apicid		: 3
initial apicid	: 3
fpu		: yes
fpu_exception	: yes
cpuid level	: 20
wp		: yes
flags		: fpu vme de pse tsc msr pae mce cx8 apic sep mtrr pge mca cmov pat pse36 clflush dts acpi mmx fxsr sse sse2 ss ht tm pbe syscall nx pdpe1gb rdtscp lm constant_tsc arch_perfmon pebs bts rep_good nopl xtopology nonstop_tsc cpuid aperfmperf pni pclmulqdq dtes64 monitor ds_cpl vmx est tm2 ssse3 sdbg fma cx16 xtpr pdcm pcid sse4_1 sse4_2 x2apic movbe popcnt aes xsave avx f16c rdrand lahf_lm abm 3dnowprefetch cpuid_fault epb intel_pt tpr_shadow vnmi flexpriority ept vpid fsgsbase tsc_adjust bmi1 avx2 smep bmi2 erms invpcid rdseed adx smap xsaveopt dtherm ida arat pln pts
bugs		:
bogomips	: 1995.47
clflush size	: 64
cache_alignment	: 64
address sizes	: 39 bits physical, 48 bits virtual
power management:



Memory: 4k page, physical 3957068k(86560k free), swap 4106236k(0k free)

vm_info: OpenJDK 64-Bit Server VM (25.151-b12) for linux-amd64 JRE (1.8.0_151-8u151-b12-0ubuntu0.17.10.2-b12), built on Oct 23 2017 22:43:02 by "buildd" with gcc 7.2.0

time: Tue Dec 26 23:04:01 2017
elapsed time: 177 seconds (0d 0h 2m 57s)

