#
# There is insufficient memory for the Java Runtime Environment to continue.
# Native memory allocation (mmap) failed to map 82837504 bytes for committing reserved memory.
# Possible reasons:
#   The system is out of physical RAM or swap space
#   In 32 bit mode, the process size limit was hit
# Possible solutions:
#   Reduce memory load on the system
#   Increase physical memory or swap space
#   Check if swap backing store is full
#   Use 64 bit Java on a 64 bit OS
#   Decrease Java heap size (-Xmx/-Xms)
#   Decrease number of Java threads
#   Decrease Java thread stack sizes (-Xss)
#   Set larger code cache with -XX:ReservedCodeCacheSize=
# This output file may be truncated or incomplete.
#
#  Out of Memory Error (os_linux.cpp:2630), pid=15179, tid=0x00007ff4e0129700
#
# JRE version: OpenJDK Runtime Environment (8.0_121-b13) (build 1.8.0_121-8u121-b13-0ubuntu1.16.10.2-b13)
# Java VM: OpenJDK 64-Bit Server VM (25.121-b13 mixed mode linux-amd64 compressed oops)
# Failed to write core dump. Core dumps have been disabled. To enable core dumping, try "ulimit -c unlimited" before starting Java again
#

---------------  T H R E A D  ---------------

Current thread (0x00007ff4dc07a000):  VMThread [stack: 0x00007ff4e0029000,0x00007ff4e012a000] [id=15189]

Stack: [0x00007ff4e0029000,0x00007ff4e012a000],  sp=0x00007ff4e01284b0,  free space=1021k
Native frames: (J=compiled Java code, j=interpreted, Vv=VM code, C=native code)
V  [libjvm.so+0xa6be70]  VMError::report_and_die()+0x160
V  [libjvm.so+0x4c52fc]  report_vm_out_of_memory(char const*, int, unsigned long, VMErrorType, char const*)+0xac
V  [libjvm.so+0x8babe0]  os::pd_commit_memory(char*, unsigned long, unsigned long, bool)+0xf0
V  [libjvm.so+0x8b526e]  os::commit_memory(char*, unsigned long, unsigned long, bool)+0x2e
V  [libjvm.so+0x92fc6e]  PSVirtualSpace::expand_by(unsigned long)+0x4e
V  [libjvm.so+0x930ff3]  PSYoungGen::resize(unsigned long, unsigned long)+0x103
V  [libjvm.so+0x92d643]  PSScavenge::invoke_no_policy()+0x1503
V  [libjvm.so+0x92d8ec]  PSScavenge::invoke()+0x4c
V  [libjvm.so+0x8df273]  ParallelScavengeHeap::failed_mem_allocate(unsigned long)+0x63
V  [libjvm.so+0xa6dae2]  VM_ParallelGCFailedAllocation::doit()+0x92
V  [libjvm.so+0xa72c57]  VM_Operation::evaluate()+0x47
V  [libjvm.so+0xa703e7]  VMThread::evaluate_operation(VM_Operation*) [clone .constprop.30]+0xe7
V  [libjvm.so+0xa71866]  VMThread::loop()+0x246
V  [libjvm.so+0xa71d61]  VMThread::run()+0x81
V  [libjvm.so+0x8b8172]  java_start(Thread*)+0xf2

VM_Operation (0x00007ff4e5ec30e0): ParallelGCFailedAllocation, mode: safepoint, requested by thread 0x00007ff4dc00c800


---------------  P R O C E S S  ---------------

Java Threads: ( => current thread )
  0x00007ff4dc0c3800 JavaThread "Service Thread" daemon [_thread_blocked, id=15196, stack(0x00007ff4cc5d1000,0x00007ff4cc6d2000)]
  0x00007ff4dc0b4000 JavaThread "C1 CompilerThread2" daemon [_thread_blocked, id=15195, stack(0x00007ff4cc6d2000,0x00007ff4cc7d3000)]
  0x00007ff4dc0b2800 JavaThread "C2 CompilerThread1" daemon [_thread_blocked, id=15194, stack(0x00007ff4cc7d3000,0x00007ff4cc8d4000)]
  0x00007ff4dc0af800 JavaThread "C2 CompilerThread0" daemon [_thread_blocked, id=15193, stack(0x00007ff4cc8d4000,0x00007ff4cc9d5000)]
  0x00007ff4dc0ad800 JavaThread "Signal Dispatcher" daemon [_thread_blocked, id=15192, stack(0x00007ff4cc9d5000,0x00007ff4ccad6000)]
  0x00007ff4dc086000 JavaThread "Finalizer" daemon [_thread_blocked, id=15191, stack(0x00007ff4ccdfe000,0x00007ff4cceff000)]
  0x00007ff4dc081800 JavaThread "Reference Handler" daemon [_thread_blocked, id=15190, stack(0x00007ff4cceff000,0x00007ff4cd000000)]
  0x00007ff4dc00c800 JavaThread "main" [_thread_blocked, id=15184, stack(0x00007ff4e5dc4000,0x00007ff4e5ec5000)]

Other Threads:
=>0x00007ff4dc07a000 VMThread [stack: 0x00007ff4e0029000,0x00007ff4e012a000] [id=15189]
  0x00007ff4dc0c6000 WatcherThread [stack: 0x00007ff4cc4d0000,0x00007ff4cc5d1000] [id=15197]

VM state:at safepoint (normal execution)

VM Mutex/Monitor currently owned by a thread:  ([mutex/lock_event])
[0x00007ff4dc008bc0] Threads_lock - owner thread: 0x00007ff4dc07a000
[0x00007ff4dc0090c0] Heap_lock - owner thread: 0x00007ff4dc00c800

Heap:
 PSYoungGen      total 66048K, used 2538K [0x00000000eab00000, 0x00000000eee00000, 0x0000000100000000)
  eden space 63488K, 0% used [0x00000000eab00000,0x00000000eab00000,0x00000000ee900000)
  from space 2560K, 99% used [0x00000000ee900000,0x00000000eeb7a8d0,0x00000000eeb80000)
  to   space 2560K, 0% used [0x00000000eeb80000,0x00000000eeb80000,0x00000000eee00000)
 ParOldGen       total 42496K, used 17156K [0x00000000c0000000, 0x00000000c2980000, 0x00000000eab00000)
  object space 42496K, 40% used [0x00000000c0000000,0x00000000c10c13d8,0x00000000c2980000)
 Metaspace       used 7363K, capacity 7678K, committed 7936K, reserved 1056768K
  class space    used 719K, capacity 753K, committed 768K, reserved 1048576K

Card table byte_map: [0x00007ff4e227c000,0x00007ff4e247d000] byte_map_base: 0x00007ff4e1c7c000

Marking Bits: (ParMarkBitMap*) 0x00007ff4e509a220
 Begin Bits: [0x00007ff4c6000000, 0x00007ff4c7000000)
 End Bits:   [0x00007ff4c7000000, 0x00007ff4c8000000)

Polling page: 0x00007ff4e5ee9000

CodeCache: size=245760Kb used=6015Kb max_used=6016Kb free=239745Kb
 bounds [0x00007ff4cd000000, 0x00007ff4cd5f0000, 0x00007ff4dc000000]
 total_blobs=2300 nmethods=2002 adapters=213
 compilation: enabled

Compilation events (10 events):
Event: 3.443 Thread 0x00007ff4dc0b2800 nmethod 1992 0x00007ff4cd5e4310 code [0x00007ff4cd5e45c0, 0x00007ff4cd5e6208]
Event: 3.443 Thread 0x00007ff4dc0b2800 2011       4       com.android.dex.ClassDef::<init> (62 bytes)
Event: 3.444 Thread 0x00007ff4dc0b2800 nmethod 2011 0x00007ff4cd57cc90 code [0x00007ff4cd57cde0, 0x00007ff4cd57ce98]
Event: 3.444 Thread 0x00007ff4dc0b2800 1993       4       com.android.dx.merge.DexMerger::transformCode (252 bytes)
Event: 3.462 Thread 0x00007ff4dc0b4000 2012       3       java.util.regex.Pattern$BranchConn::match (11 bytes)
Event: 3.462 Thread 0x00007ff4dc0b4000 nmethod 2012 0x00007ff4cd5d8b10 code [0x00007ff4cd5d8c80, 0x00007ff4cd5d8ea8]
Event: 3.463 Thread 0x00007ff4dc0b4000 2013       3       java.util.regex.Matcher::getTextLength (10 bytes)
Event: 3.463 Thread 0x00007ff4dc0b4000 nmethod 2013 0x00007ff4cd5d86d0 code [0x00007ff4cd5d8840, 0x00007ff4cd5d8a68]
Event: 3.472 Thread 0x00007ff4dc0b4000 2014       3       java.util.ComparableTimSort::mergeHi (729 bytes)
Event: 3.476 Thread 0x00007ff4dc0b4000 nmethod 2014 0x00007ff4cd5e0c90 code [0x00007ff4cd5e0fe0, 0x00007ff4cd5e3498]

GC Heap History (9 events):
Event: 0.766 GC heap before
{Heap before GC invocations=1 (full 0):
 PSYoungGen      total 18432K, used 15871K [0x00000000eab00000, 0x00000000ebf80000, 0x0000000100000000)
  eden space 15872K, 99% used [0x00000000eab00000,0x00000000eba7ffe8,0x00000000eba80000)
  from space 2560K, 0% used [0x00000000ebd00000,0x00000000ebd00000,0x00000000ebf80000)
  to   space 2560K, 0% used [0x00000000eba80000,0x00000000eba80000,0x00000000ebd00000)
 ParOldGen       total 42496K, used 0K [0x00000000c0000000, 0x00000000c2980000, 0x00000000eab00000)
  object space 42496K, 0% used [0x00000000c0000000,0x00000000c0000000,0x00000000c2980000)
 Metaspace       used 5322K, capacity 6480K, committed 6784K, reserved 1056768K
  class space    used 554K, capacity 584K, committed 640K, reserved 1048576K
Event: 0.776 GC heap after
Heap after GC invocations=1 (full 0):
 PSYoungGen      total 18432K, used 2551K [0x00000000eab00000, 0x00000000ecf00000, 0x0000000100000000)
  eden space 15872K, 0% used [0x00000000eab00000,0x00000000eab00000,0x00000000eba80000)
  from space 2560K, 99% used [0x00000000eba80000,0x00000000ebcfdcf0,0x00000000ebd00000)
  to   space 2560K, 0% used [0x00000000ecc80000,0x00000000ecc80000,0x00000000ecf00000)
 ParOldGen       total 42496K, used 2304K [0x00000000c0000000, 0x00000000c2980000, 0x00000000eab00000)
  object space 42496K, 5% used [0x00000000c0000000,0x00000000c0240378,0x00000000c2980000)
 Metaspace       used 5322K, capacity 6480K, committed 6784K, reserved 1056768K
  class space    used 554K, capacity 584K, committed 640K, reserved 1048576K
}
Event: 1.511 GC heap before
{Heap before GC invocations=2 (full 0):
 PSYoungGen      total 18432K, used 18401K [0x00000000eab00000, 0x00000000ecf00000, 0x0000000100000000)
  eden space 15872K, 99% used [0x00000000eab00000,0x00000000eba7a780,0x00000000eba80000)
  from space 2560K, 99% used [0x00000000eba80000,0x00000000ebcfdcf0,0x00000000ebd00000)
  to   space 2560K, 0% used [0x00000000ecc80000,0x00000000ecc80000,0x00000000ecf00000)
 ParOldGen       total 42496K, used 2304K [0x00000000c0000000, 0x00000000c2980000, 0x00000000eab00000)
  object space 42496K, 5% used [0x00000000c0000000,0x00000000c0240378,0x00000000c2980000)
 Metaspace       used 5720K, capacity 6704K, committed 6784K, reserved 1056768K
  class space    used 571K, capacity 616K, committed 640K, reserved 1048576K
Event: 1.520 GC heap after
Heap after GC invocations=2 (full 0):
 PSYoungGen      total 34304K, used 2549K [0x00000000eab00000, 0x00000000ecf00000, 0x0000000100000000)
  eden space 31744K, 0% used [0x00000000eab00000,0x00000000eab00000,0x00000000eca00000)
  from space 2560K, 99% used [0x00000000ecc80000,0x00000000ecefd508,0x00000000ecf00000)
  to   space 2560K, 0% used [0x00000000eca00000,0x00000000eca00000,0x00000000ecc80000)
 ParOldGen       total 42496K, used 6504K [0x00000000c0000000, 0x00000000c2980000, 0x00000000eab00000)
  object space 42496K, 15% used [0x00000000c0000000,0x00000000c065a320,0x00000000c2980000)
 Metaspace       used 5720K, capacity 6704K, committed 6784K, reserved 1056768K
  class space    used 571K, capacity 616K, committed 640K, reserved 1048576K
}
Event: 2.795 GC heap before
{Heap before GC invocations=3 (full 0):
 PSYoungGen      total 34304K, used 34293K [0x00000000eab00000, 0x00000000ecf00000, 0x0000000100000000)
  eden space 31744K, 100% used [0x00000000eab00000,0x00000000eca00000,0x00000000eca00000)
  from space 2560K, 99% used [0x00000000ecc80000,0x00000000ecefd508,0x00000000ecf00000)
  to   space 2560K, 0% used [0x00000000eca00000,0x00000000eca00000,0x00000000ecc80000)
 ParOldGen       total 42496K, used 6504K [0x00000000c0000000, 0x00000000c2980000, 0x00000000eab00000)
  object space 42496K, 15% used [0x00000000c0000000,0x00000000c065a320,0x00000000c2980000)
 Metaspace       used 7149K, capacity 7608K, committed 7680K, reserved 1056768K
  class space    used 710K, capacity 752K, committed 768K, reserved 1048576K
Event: 2.809 GC heap after
Heap after GC invocations=3 (full 0):
 PSYoungGen      total 34304K, used 2533K [0x00000000eab00000, 0x00000000eee00000, 0x0000000100000000)
  eden space 31744K, 0% used [0x00000000eab00000,0x00000000eab00000,0x00000000eca00000)
  from space 2560K, 98% used [0x00000000eca00000,0x00000000ecc79438,0x00000000ecc80000)
  to   space 2560K, 0% used [0x00000000eeb80000,0x00000000eeb80000,0x00000000eee00000)
 ParOldGen       total 42496K, used 14287K [0x00000000c0000000, 0x00000000c2980000, 0x00000000eab00000)
  object space 42496K, 33% used [0x00000000c0000000,0x00000000c0df3e28,0x00000000c2980000)
 Metaspace       used 7149K, capacity 7608K, committed 7680K, reserved 1056768K
  class space    used 710K, capacity 752K, committed 768K, reserved 1048576K
}
Event: 3.060 GC heap before
{Heap before GC invocations=4 (full 0):
 PSYoungGen      total 34304K, used 34277K [0x00000000eab00000, 0x00000000eee00000, 0x0000000100000000)
  eden space 31744K, 100% used [0x00000000eab00000,0x00000000eca00000,0x00000000eca00000)
  from space 2560K, 98% used [0x00000000eca00000,0x00000000ecc79438,0x00000000ecc80000)
  to   space 2560K, 0% used [0x00000000eeb80000,0x00000000eeb80000,0x00000000eee00000)
 ParOldGen       total 42496K, used 14287K [0x00000000c0000000, 0x00000000c2980000, 0x00000000eab00000)
  object space 42496K, 33% used [0x00000000c0000000,0x00000000c0df3e28,0x00000000c2980000)
 Metaspace       used 7231K, capacity 7672K, committed 7936K, reserved 1056768K
  class space    used 711K, capacity 752K, committed 768K, reserved 1048576K
Event: 3.070 GC heap after
Heap after GC invocations=4 (full 0):
 PSYoungGen      total 66048K, used 2536K [0x00000000eab00000, 0x00000000eee00000, 0x0000000100000000)
  eden space 63488K, 0% used [0x00000000eab00000,0x00000000eab00000,0x00000000ee900000)
  from space 2560K, 99% used [0x00000000eeb80000,0x00000000eedfa040,0x00000000eee00000)
  to   space 2560K, 0% used [0x00000000ee900000,0x00000000ee900000,0x00000000eeb80000)
 ParOldGen       total 42496K, used 15753K [0x00000000c0000000, 0x00000000c2980000, 0x00000000eab00000)
  object space 42496K, 37% used [0x00000000c0000000,0x00000000c0f625d8,0x00000000c2980000)
 Metaspace       used 7231K, capacity 7672K, committed 7936K, reserved 1056768K
  class space    used 711K, capacity 752K, committed 768K, reserved 1048576K
}
Event: 3.487 GC heap before
{Heap before GC invocations=5 (full 0):
 PSYoungGen      total 66048K, used 66024K [0x00000000eab00000, 0x00000000eee00000, 0x0000000100000000)
  eden space 63488K, 100% used [0x00000000eab00000,0x00000000ee900000,0x00000000ee900000)
  from space 2560K, 99% used [0x00000000eeb80000,0x00000000eedfa040,0x00000000eee00000)
  to   space 2560K, 0% used [0x00000000ee900000,0x00000000ee900000,0x00000000eeb80000)
 ParOldGen       total 42496K, used 15753K [0x00000000c0000000, 0x00000000c2980000, 0x00000000eab00000)
  object space 42496K, 37% used [0x00000000c0000000,0x00000000c0f625d8,0x00000000c2980000)
 Metaspace       used 7363K, capacity 7678K, committed 7936K, reserved 1056768K
  class space    used 719K, capacity 753K, committed 768K, reserved 1048576K

Deoptimization events (10 events):
Event: 2.749 Thread 0x00007ff4dc00c800 Uncommon trap: reason=unstable_if action=reinterpret pc=0x00007ff4cd4826d4 method=com.android.dex.FieldId.compareTo(Lcom/android/dex/FieldId;)I @ 8
Event: 2.840 Thread 0x00007ff4dc00c800 Uncommon trap: reason=unloaded action=reinterpret pc=0x00007ff4cd4c8e24 method=com.android.dx.merge.IndexMap$EncodedValueTransformer.transform(Lcom/android/dex/EncodedValueReader;)V @ 263
Event: 3.033 Thread 0x00007ff4dc00c800 Uncommon trap: reason=unstable_if action=reinterpret pc=0x00007ff4cd5684c0 method=com.android.dx.merge.DexMerger$IdMerger.mergeSorted()V @ 261
Event: 3.052 Thread 0x00007ff4dc00c800 Uncommon trap: reason=unstable_if action=reinterpret pc=0x00007ff4cd5577c4 method=com.android.dx.merge.DexMerger$IdMerger.mergeSorted()V @ 261
Event: 3.058 Thread 0x00007ff4dc00c800 Uncommon trap: reason=unstable_if action=reinterpret pc=0x00007ff4cd5697a0 method=com.android.dx.merge.SortableType$1.compare(Lcom/android/dx/merge/SortableType;Lcom/android/dx/merge/SortableType;)I @ 27
Event: 3.084 Thread 0x00007ff4dc00c800 Uncommon trap: reason=unstable_if action=reinterpret pc=0x00007ff4cd434c78 method=com.android.dex.Mutf8.decode(Lcom/android/dex/util/ByteInput;[C)Ljava/lang/String; @ 37
Event: 3.084 Thread 0x00007ff4dc00c800 Uncommon trap: reason=unstable_if action=reinterpret pc=0x00007ff4cd4e4eec method=com.android.dex.Mutf8.countBytes(Ljava/lang/String;Z)J @ 35
Event: 3.084 Thread 0x00007ff4dc00c800 Uncommon trap: reason=unstable_if action=reinterpret pc=0x00007ff4cd435804 method=com.android.dex.Mutf8.encode([BILjava/lang/String;)V @ 31
Event: 3.124 Thread 0x00007ff4dc00c800 Uncommon trap: reason=unstable_if action=reinterpret pc=0x00007ff4cd520fc0 method=com.android.dex.Mutf8.countBytes(Ljava/lang/String;Z)J @ 35
Event: 3.172 Thread 0x00007ff4dc00c800 Uncommon trap: reason=unstable_if action=reinterpret pc=0x00007ff4cd4233a4 method=com.android.dex.Mutf8.countBytes(Ljava/lang/String;Z)J @ 35

Internal exceptions (2 events):
Event: 0.101 Thread 0x00007ff4dc00c800 Exception <a 'java/lang/NoSuchMethodError': Method sun.misc.Unsafe.defineClass(Ljava/lang/String;[BII)Ljava/lang/Class; name or signature does not match> (0x00000000eab07ca8) thrown at [/build/openjdk-8-AbQ17_/openjdk-8-8u121-b13/src/hotspot/src/share/vm/
Event: 0.101 Thread 0x00007ff4dc00c800 Exception <a 'java/lang/NoSuchMethodError': Method sun.misc.Unsafe.prefetchRead(Ljava/lang/Object;J)V name or signature does not match> (0x00000000eab07f90) thrown at [/build/openjdk-8-AbQ17_/openjdk-8-8u121-b13/src/hotspot/src/share/vm/prims/jni.cpp, lin

Events (10 events):
Event: 3.124 Thread 0x00007ff4dc00c800 DEOPT PACKING pc=0x00007ff4cd520fc0 sp=0x00007ff4e5ec34f0
Event: 3.124 Thread 0x00007ff4dc00c800 DEOPT UNPACKING pc=0x00007ff4cd004f69 sp=0x00007ff4e5ec3370 mode 2
Event: 3.172 Thread 0x00007ff4dc00c800 Uncommon trap: trap_request=0xffffff65 fr.pc=0x00007ff4cd4233a4
Event: 3.172 Thread 0x00007ff4dc00c800 DEOPT PACKING pc=0x00007ff4cd4233a4 sp=0x00007ff4e5ec3400
Event: 3.172 Thread 0x00007ff4dc00c800 DEOPT UNPACKING pc=0x00007ff4cd004f69 sp=0x00007ff4e5ec33a8 mode 2
Event: 3.212 Thread 0x00007ff4dc00c800 DEOPT PACKING pc=0x00007ff4cd574039 sp=0x00007ff4e5ec3590
Event: 3.212 Thread 0x00007ff4dc00c800 DEOPT UNPACKING pc=0x00007ff4cd047373 sp=0x00007ff4e5ec3330 mode 0
Event: 3.217 Thread 0x00007ff4dc00c800 DEOPT PACKING pc=0x00007ff4cd574039 sp=0x00007ff4e5ec3590
Event: 3.217 Thread 0x00007ff4dc00c800 DEOPT UNPACKING pc=0x00007ff4cd047373 sp=0x00007ff4e5ec3330 mode 0
Event: 3.485 Executing VM operation: ParallelGCFailedAllocation


Dynamic libraries:
c0000000-c2980000 rw-p 00000000 00:00 0 
c2980000-eab00000 ---p 00000000 00:00 0 
eab00000-eee00000 rw-p 00000000 00:00 0 
f3d00000-100000000 ---p 00000000 00:00 0 
100000000-1000c0000 rw-p 00000000 00:00 0 
1000c0000-140000000 ---p 00000000 00:00 0 
56246f2e3000-56246f2e4000 r-xp 00000000 08:02 793339                     /usr/lib/jvm/java-8-openjdk-amd64/jre/bin/java
56246f4e3000-56246f4e4000 r--p 00000000 08:02 793339                     /usr/lib/jvm/java-8-openjdk-amd64/jre/bin/java
56246f4e4000-56246f4e5000 rw-p 00001000 08:02 793339                     /usr/lib/jvm/java-8-openjdk-amd64/jre/bin/java
562470236000-562470257000 rw-p 00000000 00:00 0                          [heap]
7ff478000000-7ff478024000 rw-p 00000000 00:00 0 
7ff478024000-7ff47c000000 ---p 00000000 00:00 0 
7ff480000000-7ff480030000 rw-p 00000000 00:00 0 
7ff480030000-7ff484000000 ---p 00000000 00:00 0 
7ff484000000-7ff484021000 rw-p 00000000 00:00 0 
7ff484021000-7ff488000000 ---p 00000000 00:00 0 
7ff488000000-7ff488021000 rw-p 00000000 00:00 0 
7ff488021000-7ff48c000000 ---p 00000000 00:00 0 
7ff48c000000-7ff48c021000 rw-p 00000000 00:00 0 
7ff48c021000-7ff490000000 ---p 00000000 00:00 0 
7ff490000000-7ff490021000 rw-p 00000000 00:00 0 
7ff490021000-7ff494000000 ---p 00000000 00:00 0 
7ff494000000-7ff494021000 rw-p 00000000 00:00 0 
7ff494021000-7ff498000000 ---p 00000000 00:00 0 
7ff498000000-7ff498628000 rw-p 00000000 00:00 0 
7ff498628000-7ff49c000000 ---p 00000000 00:00 0 
7ff49c000000-7ff49c4c0000 rw-p 00000000 00:00 0 
7ff49c4c0000-7ff4a0000000 ---p 00000000 00:00 0 
7ff4a0000000-7ff4a0021000 rw-p 00000000 00:00 0 
7ff4a0021000-7ff4a4000000 ---p 00000000 00:00 0 
7ff4a4000000-7ff4a4a24000 rw-p 00000000 00:00 0 
7ff4a4a24000-7ff4a8000000 ---p 00000000 00:00 0 
7ff4a8000000-7ff4a8021000 rw-p 00000000 00:00 0 
7ff4a8021000-7ff4ac000000 ---p 00000000 00:00 0 
7ff4ac000000-7ff4ac021000 rw-p 00000000 00:00 0 
7ff4ac021000-7ff4b0000000 ---p 00000000 00:00 0 
7ff4b0000000-7ff4b0021000 rw-p 00000000 00:00 0 
7ff4b0021000-7ff4b4000000 ---p 00000000 00:00 0 
7ff4b4000000-7ff4b4276000 rw-p 00000000 00:00 0 
7ff4b4276000-7ff4b8000000 ---p 00000000 00:00 0 
7ff4b8000000-7ff4b8021000 rw-p 00000000 00:00 0 
7ff4b8021000-7ff4bc000000 ---p 00000000 00:00 0 
7ff4c0000000-7ff4c0021000 rw-p 00000000 00:00 0 
7ff4c0021000-7ff4c4000000 ---p 00000000 00:00 0 
7ff4c5eff000-7ff4c5f02000 ---p 00000000 00:00 0 
7ff4c5f02000-7ff4c8000000 rw-p 00000000 00:00 0 
7ff4c8000000-7ff4c8021000 rw-p 00000000 00:00 0 
7ff4c8021000-7ff4cc000000 ---p 00000000 00:00 0 
7ff4cc096000-7ff4cc099000 ---p 00000000 00:00 0 
7ff4cc099000-7ff4cc197000 rw-p 00000000 00:00 0 
7ff4cc197000-7ff4cc19a000 ---p 00000000 00:00 0 
7ff4cc19a000-7ff4cc298000 rw-p 00000000 00:00 0 
7ff4cc298000-7ff4cc29b000 ---p 00000000 00:00 0 
7ff4cc29b000-7ff4cc399000 rw-p 00000000 00:00 0 
7ff4cc399000-7ff4cc39c000 ---p 00000000 00:00 0 
7ff4cc39c000-7ff4cc49a000 rw-p 00000000 00:00 0 
7ff4cc49a000-7ff4cc4b5000 r--s 00394000 08:02 793402                     /usr/lib/jvm/java-8-openjdk-amd64/jre/lib/ext/cldrdata.jar
7ff4cc4b5000-7ff4cc4d0000 r--s 001d6000 08:02 807190                     /usr/lib/jvm/java-8-openjdk-amd64/jre/lib/ext/nashorn.jar
7ff4cc4d0000-7ff4cc4d1000 ---p 00000000 00:00 0 
7ff4cc4d1000-7ff4cc5d1000 rw-p 00000000 00:00 0 
7ff4cc5d1000-7ff4cc5d4000 ---p 00000000 00:00 0 
7ff4cc5d4000-7ff4cc6d2000 rw-p 00000000 00:00 0 
7ff4cc6d2000-7ff4cc6d5000 ---p 00000000 00:00 0 
7ff4cc6d5000-7ff4cc7d3000 rw-p 00000000 00:00 0 
7ff4cc7d3000-7ff4cc7d6000 ---p 00000000 00:00 0 
7ff4cc7d6000-7ff4cc8d4000 rw-p 00000000 00:00 0 
7ff4cc8d4000-7ff4cc8d7000 ---p 00000000 00:00 0 
7ff4cc8d7000-7ff4cc9d5000 rw-p 00000000 00:00 0 
7ff4cc9d5000-7ff4cc9d8000 ---p 00000000 00:00 0 
7ff4cc9d8000-7ff4ccad6000 rw-p 00000000 00:00 0 
7ff4ccad6000-7ff4ccdfe000 r--p 00000000 08:02 1313111                    /usr/lib/locale/locale-archive
7ff4ccdfe000-7ff4cce01000 ---p 00000000 00:00 0 
7ff4cce01000-7ff4cceff000 rw-p 00000000 00:00 0 
7ff4cceff000-7ff4ccf02000 ---p 00000000 00:00 0 
7ff4ccf02000-7ff4cd000000 rw-p 00000000 00:00 0 
7ff4cd000000-7ff4cd5f0000 rwxp 00000000 00:00 0 
7ff4cd5f0000-7ff4dc000000 ---p 00000000 00:00 0 
7ff4dc000000-7ff4dc3f3000 rw-p 00000000 00:00 0 
7ff4dc3f3000-7ff4e0000000 ---p 00000000 00:00 0 
7ff4e0002000-7ff4e0006000 r--s 0009a000 08:02 807206                     /usr/lib/jvm/java-8-openjdk-amd64/jre/lib/jsse.jar
7ff4e0006000-7ff4e0015000 r--s 000df000 08:11 16126015                   /home/muneeb/Android/Sdk/build-tools/23.0.1/lib/dx.jar
7ff4e0015000-7ff4e0017000 r--s 00008000 08:02 807191                     /usr/lib/jvm/java-8-openjdk-amd64/jre/lib/ext/sunec.jar
7ff4e0017000-7ff4e001a000 r--s 0000f000 08:02 807187                     /usr/lib/jvm/java-8-openjdk-amd64/jre/lib/ext/icedtea-sound.jar
7ff4e001a000-7ff4e0024000 r--s 00116000 08:02 807189                     /usr/lib/jvm/java-8-openjdk-amd64/jre/lib/ext/localedata.jar
7ff4e0024000-7ff4e0029000 r--s 0003b000 08:02 807192                     /usr/lib/jvm/java-8-openjdk-amd64/jre/lib/ext/sunjce_provider.jar
7ff4e0029000-7ff4e002a000 ---p 00000000 00:00 0 
7ff4e002a000-7ff4e10de000 rw-p 00000000 00:00 0 
7ff4e10de000-7ff4e12ac000 r--s 03c06000 08:02 807211                     /usr/lib/jvm/java-8-openjdk-amd64/jre/lib/rt.jar
7ff4e12ac000-7ff4e1a22000 rw-p 00000000 00:00 0 
7ff4e1a22000-7ff4e1b22000 ---p 00000000 00:00 0 
7ff4e1b22000-7ff4e1d22000 rw-p 00000000 00:00 0 
7ff4e1d22000-7ff4e1d23000 ---p 00000000 00:00 0 
7ff4e1d23000-7ff4e1e23000 rw-p 00000000 00:00 0 
7ff4e1e23000-7ff4e1e24000 ---p 00000000 00:00 0 
7ff4e1e24000-7ff4e1f24000 rw-p 00000000 00:00 0 
7ff4e1f24000-7ff4e1f25000 ---p 00000000 00:00 0 
7ff4e1f25000-7ff4e2025000 rw-p 00000000 00:00 0 
7ff4e2025000-7ff4e2026000 ---p 00000000 00:00 0 
7ff4e2026000-7ff4e213b000 rw-p 00000000 00:00 0 
7ff4e213b000-7ff4e227c000 ---p 00000000 00:00 0 
7ff4e227c000-7ff4e2291000 rw-p 00000000 00:00 0 
7ff4e2291000-7ff4e23d1000 ---p 00000000 00:00 0 
7ff4e23d1000-7ff4e23f3000 rw-p 00000000 00:00 0 
7ff4e23f3000-7ff4e247c000 ---p 00000000 00:00 0 
7ff4e247c000-7ff4e2495000 rw-p 00000000 00:00 0 
7ff4e2495000-7ff4e283d000 ---p 00000000 00:00 0 
7ff4e283d000-7ff4e2845000 r-xp 00000000 08:02 793382                     /usr/lib/jvm/java-8-openjdk-amd64/jre/lib/amd64/libzip.so
7ff4e2845000-7ff4e2a44000 ---p 00008000 08:02 793382                     /usr/lib/jvm/java-8-openjdk-amd64/jre/lib/amd64/libzip.so
7ff4e2a44000-7ff4e2a45000 r--p 00007000 08:02 793382                     /usr/lib/jvm/java-8-openjdk-amd64/jre/lib/amd64/libzip.so
7ff4e2a45000-7ff4e2a46000 rw-p 00008000 08:02 793382                     /usr/lib/jvm/java-8-openjdk-amd64/jre/lib/amd64/libzip.so
7ff4e2a46000-7ff4e2a51000 r-xp 00000000 08:02 1046009                    /lib/x86_64-linux-gnu/libnss_files-2.24.so
7ff4e2a51000-7ff4e2c50000 ---p 0000b000 08:02 1046009                    /lib/x86_64-linux-gnu/libnss_files-2.24.so
7ff4e2c50000-7ff4e2c51000 r--p 0000a000 08:02 1046009                    /lib/x86_64-linux-gnu/libnss_files-2.24.so
7ff4e2c51000-7ff4e2c52000 rw-p 0000b000 08:02 1046009                    /lib/x86_64-linux-gnu/libnss_files-2.24.so
7ff4e2c52000-7ff4e2c58000 rw-p 00000000 00:00 0 
7ff4e2c58000-7ff4e2c63000 r-xp 00000000 08:02 1046013                    /lib/x86_64-linux-gnu/libnss_nis-2.24.so
7ff4e2c63000-7ff4e2e62000 ---p 0000b000 08:02 1046013                    /lib/x86_64-linux-gnu/libnss_nis-2.24.so
7ff4e2e62000-7ff4e2e63000 r--p 0000a000 08:02 1046013                    /lib/x86_64-linux-gnu/libnss_nis-2.24.so
7ff4e2e63000-7ff4e2e64000 rw-p 0000b000 08:02 1046013                    /lib/x86_64-linux-gnu/libnss_nis-2.24.so
7ff4e2e64000-7ff4e2e7a000 r-xp 00000000 08:02 1046003                    /lib/x86_64-linux-gnu/libnsl-2.24.so
7ff4e2e7a000-7ff4e3079000 ---p 00016000 08:02 1046003                    /lib/x86_64-linux-gnu/libnsl-2.24.so
7ff4e3079000-7ff4e307a000 r--p 00015000 08:02 1046003                    /lib/x86_64-linux-gnu/libnsl-2.24.so
7ff4e307a000-7ff4e307b000 rw-p 00016000 08:02 1046003                    /lib/x86_64-linux-gnu/libnsl-2.24.so
7ff4e307b000-7ff4e307d000 rw-p 00000000 00:00 0 
7ff4e307d000-7ff4e3085000 r-xp 00000000 08:02 1046005                    /lib/x86_64-linux-gnu/libnss_compat-2.24.so
7ff4e3085000-7ff4e3284000 ---p 00008000 08:02 1046005                    /lib/x86_64-linux-gnu/libnss_compat-2.24.so
7ff4e3284000-7ff4e3285000 r--p 00007000 08:02 1046005                    /lib/x86_64-linux-gnu/libnss_compat-2.24.so
7ff4e3285000-7ff4e3286000 rw-p 00008000 08:02 1046005                    /lib/x86_64-linux-gnu/libnss_compat-2.24.so
7ff4e3286000-7ff4e32b3000 r-xp 00000000 08:02 793363                     /usr/lib/jvm/java-8-openjdk-amd64/jre/lib/amd64/libjava.so
7ff4e32b3000-7ff4e34b2000 ---p 0002d000 08:02 793363                     /usr/lib/jvm/java-8-openjdk-amd64/jre/lib/amd64/libjava.so
7ff4e34b2000-7ff4e34b3000 r--p 0002c000 08:02 793363                     /usr/lib/jvm/java-8-openjdk-amd64/jre/lib/amd64/libjava.so
7ff4e34b3000-7ff4e34b5000 rw-p 0002d000 08:02 793363                     /usr/lib/jvm/java-8-openjdk-amd64/jre/lib/amd64/libjava.so
7ff4e34b5000-7ff4e34c4000 r-xp 00000000 08:02 793381                     /usr/lib/jvm/java-8-openjdk-amd64/jre/lib/amd64/libverify.so
7ff4e34c4000-7ff4e36c3000 ---p 0000f000 08:02 793381                     /usr/lib/jvm/java-8-openjdk-amd64/jre/lib/amd64/libverify.so
7ff4e36c3000-7ff4e36c5000 r--p 0000e000 08:02 793381                     /usr/lib/jvm/java-8-openjdk-amd64/jre/lib/amd64/libverify.so
7ff4e36c5000-7ff4e36c6000 rw-p 00010000 08:02 793381                     /usr/lib/jvm/java-8-openjdk-amd64/jre/lib/amd64/libverify.so
7ff4e36c6000-7ff4e36cd000 r-xp 00000000 08:02 1046022                    /lib/x86_64-linux-gnu/librt-2.24.so
7ff4e36cd000-7ff4e38cc000 ---p 00007000 08:02 1046022                    /lib/x86_64-linux-gnu/librt-2.24.so
7ff4e38cc000-7ff4e38cd000 r--p 00006000 08:02 1046022                    /lib/x86_64-linux-gnu/librt-2.24.so
7ff4e38cd000-7ff4e38ce000 rw-p 00007000 08:02 1046022                    /lib/x86_64-linux-gnu/librt-2.24.so
7ff4e38ce000-7ff4e38e4000 r-xp 00000000 08:02 1050183                    /lib/x86_64-linux-gnu/libgcc_s.so.1
7ff4e38e4000-7ff4e3ae3000 ---p 00016000 08:02 1050183                    /lib/x86_64-linux-gnu/libgcc_s.so.1
7ff4e3ae3000-7ff4e3ae4000 r--p 00015000 08:02 1050183                    /lib/x86_64-linux-gnu/libgcc_s.so.1
7ff4e3ae4000-7ff4e3ae5000 rw-p 00016000 08:02 1050183                    /lib/x86_64-linux-gnu/libgcc_s.so.1
7ff4e3ae5000-7ff4e3bed000 r-xp 00000000 08:02 1045995                    /lib/x86_64-linux-gnu/libm-2.24.so
7ff4e3bed000-7ff4e3dec000 ---p 00108000 08:02 1045995                    /lib/x86_64-linux-gnu/libm-2.24.so
7ff4e3dec000-7ff4e3ded000 r--p 00107000 08:02 1045995                    /lib/x86_64-linux-gnu/libm-2.24.so
7ff4e3ded000-7ff4e3dee000 rw-p 00108000 08:02 1045995                    /lib/x86_64-linux-gnu/libm-2.24.so
7ff4e3dee000-7ff4e3f66000 r-xp 00000000 08:02 1318031                    /usr/lib/x86_64-linux-gnu/libstdc++.so.6.0.22
7ff4e3f66000-7ff4e4166000 ---p 00178000 08:02 1318031                    /usr/lib/x86_64-linux-gnu/libstdc++.so.6.0.22
7ff4e4166000-7ff4e4170000 r--p 00178000 08:02 1318031                    /usr/lib/x86_64-linux-gnu/libstdc++.so.6.0.22
7ff4e4170000-7ff4e4172000 rw-p 00182000 08:02 1318031                    /usr/lib/x86_64-linux-gnu/libstdc++.so.6.0.22
7ff4e4172000-7ff4e4176000 rw-p 00000000 00:00 0 
7ff4e4176000-7ff4e4dcb000 r-xp 00000000 08:02 793384                     /usr/lib/jvm/java-8-openjdk-amd64/jre/lib/amd64/server/libjvm.so
7ff4e4dcb000-7ff4e4fcb000 ---p 00c55000 08:02 793384                     /usr/lib/jvm/java-8-openjdk-amd64/jre/lib/amd64/server/libjvm.so
7ff4e4fcb000-7ff4e505e000 r--p 00c55000 08:02 793384                     /usr/lib/jvm/java-8-openjdk-amd64/jre/lib/amd64/server/libjvm.so
7ff4e505e000-7ff4e5087000 rw-p 00ce8000 08:02 793384                     /usr/lib/jvm/java-8-openjdk-amd64/jre/lib/amd64/server/libjvm.so
7ff4e5087000-7ff4e50b7000 rw-p 00000000 00:00 0 
7ff4e50b7000-7ff4e50cf000 r-xp 00000000 08:02 1046019                    /lib/x86_64-linux-gnu/libpthread-2.24.so
7ff4e50cf000-7ff4e52cf000 ---p 00018000 08:02 1046019                    /lib/x86_64-linux-gnu/libpthread-2.24.so
7ff4e52cf000-7ff4e52d0000 r--p 00018000 08:02 1046019                    /lib/x86_64-linux-gnu/libpthread-2.24.so
7ff4e52d0000-7ff4e52d1000 rw-p 00019000 08:02 1046019                    /lib/x86_64-linux-gnu/libpthread-2.24.so
7ff4e52d1000-7ff4e52d5000 rw-p 00000000 00:00 0 
7ff4e52d5000-7ff4e52d8000 r-xp 00000000 08:02 1045993                    /lib/x86_64-linux-gnu/libdl-2.24.so
7ff4e52d8000-7ff4e54d7000 ---p 00003000 08:02 1045993                    /lib/x86_64-linux-gnu/libdl-2.24.so
7ff4e54d7000-7ff4e54d8000 r--p 00002000 08:02 1045993                    /lib/x86_64-linux-gnu/libdl-2.24.so
7ff4e54d8000-7ff4e54d9000 rw-p 00003000 08:02 1045993                    /lib/x86_64-linux-gnu/libdl-2.24.so
7ff4e54d9000-7ff4e54f2000 r-xp 00000000 08:02 1050327                    /lib/x86_64-linux-gnu/libz.so.1.2.8
7ff4e54f2000-7ff4e56f1000 ---p 00019000 08:02 1050327                    /lib/x86_64-linux-gnu/libz.so.1.2.8
7ff4e56f1000-7ff4e56f2000 r--p 00018000 08:02 1050327                    /lib/x86_64-linux-gnu/libz.so.1.2.8
7ff4e56f2000-7ff4e56f3000 rw-p 00019000 08:02 1050327                    /lib/x86_64-linux-gnu/libz.so.1.2.8
7ff4e56f3000-7ff4e58b0000 r-xp 00000000 08:02 1045987                    /lib/x86_64-linux-gnu/libc-2.24.so
7ff4e58b0000-7ff4e5ab0000 ---p 001bd000 08:02 1045987                    /lib/x86_64-linux-gnu/libc-2.24.so
7ff4e5ab0000-7ff4e5ab4000 r--p 001bd000 08:02 1045987                    /lib/x86_64-linux-gnu/libc-2.24.so
7ff4e5ab4000-7ff4e5ab6000 rw-p 001c1000 08:02 1045987                    /lib/x86_64-linux-gnu/libc-2.24.so
7ff4e5ab6000-7ff4e5aba000 rw-p 00000000 00:00 0 
7ff4e5aba000-7ff4e5ac7000 r-xp 00000000 08:02 793349                     /usr/lib/jvm/java-8-openjdk-amd64/jre/lib/amd64/jli/libjli.so
7ff4e5ac7000-7ff4e5cc7000 ---p 0000d000 08:02 793349                     /usr/lib/jvm/java-8-openjdk-amd64/jre/lib/amd64/jli/libjli.so
7ff4e5cc7000-7ff4e5cc8000 r--p 0000d000 08:02 793349                     /usr/lib/jvm/java-8-openjdk-amd64/jre/lib/amd64/jli/libjli.so
7ff4e5cc8000-7ff4e5cc9000 rw-p 0000e000 08:02 793349                     /usr/lib/jvm/java-8-openjdk-amd64/jre/lib/amd64/jli/libjli.so
7ff4e5cc9000-7ff4e5cee000 r-xp 00000000 08:02 1044870                    /lib/x86_64-linux-gnu/ld-2.24.so
7ff4e5cef000-7ff4e5cf0000 r--s 00010000 08:02 807194                     /usr/lib/jvm/java-8-openjdk-amd64/jre/lib/ext/zipfs.jar
7ff4e5cf0000-7ff4e5cf4000 r--s 00037000 08:02 807193                     /usr/lib/jvm/java-8-openjdk-amd64/jre/lib/ext/sunpkcs11.jar
7ff4e5cf4000-7ff4e5dc4000 rw-p 00000000 00:00 0 
7ff4e5dc4000-7ff4e5dc7000 ---p 00000000 00:00 0 
7ff4e5dc7000-7ff4e5ec9000 rw-p 00000000 00:00 0 
7ff4e5ec9000-7ff4e5ecb000 r--s 00001000 08:02 807186                     /usr/lib/jvm/java-8-openjdk-amd64/jre/lib/ext/dnsns.jar
7ff4e5ecb000-7ff4e5ecc000 r--s 0000a000 08:02 807188                     /usr/lib/jvm/java-8-openjdk-amd64/jre/lib/ext/jaccess.jar
7ff4e5ecc000-7ff4e5ee0000 rw-p 00000000 00:00 0 
7ff4e5ee0000-7ff4e5ee8000 rw-s 00000000 08:02 1178464                    /tmp/hsperfdata_muneeb/15179
7ff4e5ee8000-7ff4e5ee9000 rw-p 00000000 00:00 0 
7ff4e5ee9000-7ff4e5eea000 ---p 00000000 00:00 0 
7ff4e5eea000-7ff4e5eed000 rw-p 00000000 00:00 0 
7ff4e5eed000-7ff4e5eee000 r--p 00024000 08:02 1044870                    /lib/x86_64-linux-gnu/ld-2.24.so
7ff4e5eee000-7ff4e5eef000 rw-p 00025000 08:02 1044870                    /lib/x86_64-linux-gnu/ld-2.24.so
7ff4e5eef000-7ff4e5ef0000 rw-p 00000000 00:00 0 
7fff3398b000-7fff339ae000 rw-p 00000000 00:00 0                          [stack]
7fff339e3000-7fff339e5000 r--p 00000000 00:00 0                          [vvar]
7fff339e5000-7fff339e7000 r-xp 00000000 00:00 0                          [vdso]
ffffffffff600000-ffffffffff601000 r-xp 00000000 00:00 0                  [vsyscall]

VM Arguments:
jvm_args: -Xmx1024M -Dfile.encoding=UTF-8 -Duser.country=US -Duser.language=en -Duser.variant 
java_command: com.android.dx.command.Main --dex --num-threads=4 --output /home/muneeb/projects/UrduLearn/android/app/build/intermediates/dex/debug /home/muneeb/projects/UrduLearn/android/app/build/intermediates/classes/debug /home/muneeb/projects/UrduLearn/android/app/build/intermediates/pre-dexed/debug/javax.inject-1-2ac49d26102200f0034a371d3de31f9fd6266c70.jar /home/muneeb/projects/UrduLearn/android/app/build/intermediates/pre-dexed/debug/staticlayout-proxy-1.0-e7de7f4b571f2f6970cca972f6ddea8bbb475a6d.jar /home/muneeb/projects/UrduLearn/android/app/build/intermediates/pre-dexed/debug/infer-annotations-1.5-c2e4f1d2ed3c46697f2cf35ec36d7d5fc93443ed.jar /home/muneeb/projects/UrduLearn/android/app/build/intermediates/pre-dexed/debug/classes-46974c20c900771b62ab239122fb97984b3471b5.jar /home/muneeb/projects/UrduLearn/android/app/build/intermediates/pre-dexed/debug/support-annotations-24.0.0-19a3f47392b41e99e70988b515964ea1042764ed.jar /home/muneeb/projects/UrduLearn/android/app/build/intermediates/pre-dexed/debug/classes-2dd50efbbd856027753764ca96a5e57fad07708b.jar /home/muneeb/projects/UrduLearn/android/app/build/intermediates/pre-dexed/debug/classes-ef05a057976994259c9eee80e26a8af96168d6f5.jar /home/muneeb/projects/UrduLearn/android/app/build/intermediates/pre-dexed/debug/classes-02ee4a81bc0134476f9cb28311e02a3c4f2c5c85.jar /home/muneeb/projects/UrduLearn/android/app/build/intermediates/pre-dexed/debug/classes-427a67770f9897fb66cd9ac5438777751ba4b508.jar /home/muneeb/projects/UrduLearn/android/app/build/intermediates/pre-dexed/debug/classes-fe5ad145218e1f8b7d094d468c5e3d7b0cae9be8.jar /home/muneeb/projects/UrduLearn/android/app/build/intermediates/pre-dexed/debug/classes-70f216c1873198a0476cd39655291009c5e1d060.jar /home/muneeb/projects/UrduLearn/android/app/build/intermediates/pre-dexed/debug/classes-786cbf821715ab4b90683bd8f1c8d76f76815261.jar /home/muneeb/projects/UrduLearn/android/app/build/intermediates/pre-dexed/debug/classes-e13981f03d2406190c0edccf3309da5d70
java_class_path (initial): /home/muneeb/Android/Sdk/build-tools/23.0.1/lib/dx.jar
Launcher Type: SUN_STANDARD

Environment Variables:
PATH=/home/muneeb/bin:/home/muneeb/.local/bin:/usr/local/sbin:/usr/local/bin:/usr/sbin:/usr/bin:/sbin:/bin:/usr/games:/usr/local/games:/snap/bin:/home/muneeb/Android/Sdk/tools:/home/muneeb/Android/Sdk/platform-tools
SHELL=/bin/bash
DISPLAY=:0

Signal Handlers:
SIGSEGV: [libjvm.so+0xa6c900], sa_mask[0]=11111111011111111101111111111110, sa_flags=SA_RESTART|SA_SIGINFO
SIGBUS: [libjvm.so+0xa6c900], sa_mask[0]=11111111011111111101111111111110, sa_flags=SA_RESTART|SA_SIGINFO
SIGFPE: [libjvm.so+0x8b6400], sa_mask[0]=11111111011111111101111111111110, sa_flags=SA_RESTART|SA_SIGINFO
SIGPIPE: [libjvm.so+0x8b6400], sa_mask[0]=11111111011111111101111111111110, sa_flags=SA_RESTART|SA_SIGINFO
SIGXFSZ: [libjvm.so+0x8b6400], sa_mask[0]=11111111011111111101111111111110, sa_flags=SA_RESTART|SA_SIGINFO
SIGILL: [libjvm.so+0x8b6400], sa_mask[0]=11111111011111111101111111111110, sa_flags=SA_RESTART|SA_SIGINFO
SIGUSR1: SIG_DFL, sa_mask[0]=00000000000000000000000000000000, sa_flags=none
SIGUSR2: [libjvm.so+0x8b62b0], sa_mask[0]=00100000000000000000000000000000, sa_flags=SA_RESTART|SA_SIGINFO
SIGHUP: [libjvm.so+0x8b6760], sa_mask[0]=11111111011111111101111111111110, sa_flags=SA_RESTART|SA_SIGINFO
SIGINT: [libjvm.so+0x8b6760], sa_mask[0]=11111111011111111101111111111110, sa_flags=SA_RESTART|SA_SIGINFO
SIGTERM: [libjvm.so+0x8b6760], sa_mask[0]=11111111011111111101111111111110, sa_flags=SA_RESTART|SA_SIGINFO
SIGQUIT: [libjvm.so+0x8b6760], sa_mask[0]=11111111011111111101111111111110, sa_flags=SA_RESTART|SA_SIGINFO


---------------  S Y S T E M  ---------------

OS:DISTRIB_ID=Ubuntu
DISTRIB_RELEASE=16.10
DISTRIB_CODENAME=yakkety
DISTRIB_DESCRIPTION="Ubuntu 16.10"

uname:Linux 4.8.0-46-generic #49-Ubuntu SMP Fri Mar 31 13:57:14 UTC 2017 x86_64
libc:glibc 2.24 NPTL 2.24 
rlimit: STACK 8192k, CORE 0k, NPROC 15158, NOFILE 4096, AS infinity
load average:2.25 1.15 0.91

/proc/meminfo:
MemTotal:        3959784 kB
MemFree:           87352 kB
MemAvailable:       5212 kB
Buffers:             776 kB
Cached:           606824 kB
SwapCached:         2164 kB
Active:          2988092 kB
Inactive:         636908 kB
Active(anon):    2978112 kB
Inactive(anon):   626776 kB
Active(file):       9980 kB
Inactive(file):    10132 kB
Unevictable:         120 kB
Mlocked:             120 kB
SwapTotal:       4106236 kB
SwapFree:              0 kB
Dirty:               804 kB
Writeback:           256 kB
AnonPages:       3016420 kB
Mapped:           143080 kB
Shmem:            587288 kB
Slab:             114196 kB
SReclaimable:      58360 kB
SUnreclaim:        55836 kB
KernelStack:       12912 kB
PageTables:        57412 kB
NFS_Unstable:          0 kB
Bounce:                0 kB
WritebackTmp:          0 kB
CommitLimit:     6086128 kB
Committed_AS:   14793448 kB
VmallocTotal:   34359738367 kB
VmallocUsed:           0 kB
VmallocChunk:          0 kB
HardwareCorrupted:     0 kB
AnonHugePages:    665600 kB
ShmemHugePages:        0 kB
ShmemPmdMapped:        0 kB
CmaTotal:              0 kB
CmaFree:               0 kB
HugePages_Total:       0
HugePages_Free:        0
HugePages_Rsvd:        0
HugePages_Surp:        0
Hugepagesize:       2048 kB
DirectMap4k:      188332 kB
DirectMap2M:     3919872 kB
DirectMap1G:     1048576 kB


CPU:total 4 (2 cores per cpu, 2 threads per core) family 6 model 61 stepping 4, cmov, cx8, fxsr, mmx, sse, sse2, sse3, ssse3, sse4.1, sse4.2, popcnt, avx, avx2, aes, clmul, erms, 3dnowpref, lzcnt, ht, tsc, tscinvbit, bmi1, bmi2, adx

/proc/cpuinfo:
processor	: 0
vendor_id	: GenuineIntel
cpu family	: 6
model		: 61
model name	: Intel(R) Core(TM) M-5Y10c CPU @ 0.80GHz
stepping	: 4
microcode	: 0x24
cpu MHz		: 1568.664
cache size	: 4096 KB
physical id	: 0
siblings	: 4
core id		: 0
cpu cores	: 2
apicid		: 0
initial apicid	: 0
fpu		: yes
fpu_exception	: yes
cpuid level	: 20
wp		: yes
flags		: fpu vme de pse tsc msr pae mce cx8 apic sep mtrr pge mca cmov pat pse36 clflush dts acpi mmx fxsr sse sse2 ss ht tm pbe syscall nx pdpe1gb rdtscp lm constant_tsc arch_perfmon pebs bts rep_good nopl xtopology nonstop_tsc aperfmperf eagerfpu pni pclmulqdq dtes64 monitor ds_cpl vmx est tm2 ssse3 sdbg fma cx16 xtpr pdcm pcid sse4_1 sse4_2 x2apic movbe popcnt tsc_deadline_timer aes xsave avx f16c rdrand lahf_lm abm 3dnowprefetch epb intel_pt tpr_shadow vnmi flexpriority ept vpid fsgsbase tsc_adjust bmi1 avx2 smep bmi2 erms invpcid rdseed adx smap xsaveopt dtherm ida arat pln pts
bugs		:
bogomips	: 1995.42
clflush size	: 64
cache_alignment	: 64
address sizes	: 39 bits physical, 48 bits virtual
power management:

processor	: 1
vendor_id	: GenuineIntel
cpu family	: 6
model		: 61
model name	: Intel(R) Core(TM) M-5Y10c CPU @ 0.80GHz
stepping	: 4
microcode	: 0x24
cpu MHz		: 1690.856
cache size	: 4096 KB
physical id	: 0
siblings	: 4
core id		: 1
cpu cores	: 2
apicid		: 2
initial apicid	: 2
fpu		: yes
fpu_exception	: yes
cpuid level	: 20
wp		: yes
flags		: fpu vme de pse tsc msr pae mce cx8 apic sep mtrr pge mca cmov pat pse36 clflush dts acpi mmx fxsr sse sse2 ss ht tm pbe syscall nx pdpe1gb rdtscp lm constant_tsc arch_perfmon pebs bts rep_good nopl xtopology nonstop_tsc aperfmperf eagerfpu pni pclmulqdq dtes64 monitor ds_cpl vmx est tm2 ssse3 sdbg fma cx16 xtpr pdcm pcid sse4_1 sse4_2 x2apic movbe popcnt tsc_deadline_timer aes xsave avx f16c rdrand lahf_lm abm 3dnowprefetch epb intel_pt tpr_shadow vnmi flexpriority ept vpid fsgsbase tsc_adjust bmi1 avx2 smep bmi2 erms invpcid rdseed adx smap xsaveopt dtherm ida arat pln pts
bugs		:
bogomips	: 1995.42
clflush size	: 64
cache_alignment	: 64
address sizes	: 39 bits physical, 48 bits virtual
power management:

processor	: 2
vendor_id	: GenuineIntel
cpu family	: 6
model		: 61
model name	: Intel(R) Core(TM) M-5Y10c CPU @ 0.80GHz
stepping	: 4
microcode	: 0x24
cpu MHz		: 1456.604
cache size	: 4096 KB
physical id	: 0
siblings	: 4
core id		: 0
cpu cores	: 2
apicid		: 1
initial apicid	: 1
fpu		: yes
fpu_exception	: yes
cpuid level	: 20
wp		: yes
flags		: fpu vme de pse tsc msr pae mce cx8 apic sep mtrr pge mca cmov pat pse36 clflush dts acpi mmx fxsr sse sse2 ss ht tm pbe syscall nx pdpe1gb rdtscp lm constant_tsc arch_perfmon pebs bts rep_good nopl xtopology nonstop_tsc aperfmperf eagerfpu pni pclmulqdq dtes64 monitor ds_cpl vmx est tm2 ssse3 sdbg fma cx16 xtpr pdcm pcid sse4_1 sse4_2 x2apic movbe popcnt tsc_deadline_timer aes xsave avx f16c rdrand lahf_lm abm 3dnowprefetch epb intel_pt tpr_shadow vnmi flexpriority ept vpid fsgsbase tsc_adjust bmi1 avx2 smep bmi2 erms invpcid rdseed adx smap xsaveopt dtherm ida arat pln pts
bugs		:
bogomips	: 1995.42
clflush size	: 64
cache_alignment	: 64
address sizes	: 39 bits physical, 48 bits virtual
power management:

processor	: 3
vendor_id	: GenuineIntel
cpu family	: 6
model		: 61
model name	: Intel(R) Core(TM) M-5Y10c CPU @ 0.80GHz
stepping	: 4
microcode	: 0x24
cpu MHz		: 1735.107
cache size	: 4096 KB
physical id	: 0
siblings	: 4
core id		: 1
cpu cores	: 2
apicid		: 3
initial apicid	: 3
fpu		: yes
fpu_exception	: yes
cpuid level	: 20
wp		: yes
flags		: fpu vme de pse tsc msr pae mce cx8 apic sep mtrr pge mca cmov pat pse36 clflush dts acpi mmx fxsr sse sse2 ss ht tm pbe syscall nx pdpe1gb rdtscp lm constant_tsc arch_perfmon pebs bts rep_good nopl xtopology nonstop_tsc aperfmperf eagerfpu pni pclmulqdq dtes64 monitor ds_cpl vmx est tm2 ssse3 sdbg fma cx16 xtpr pdcm pcid sse4_1 sse4_2 x2apic movbe popcnt tsc_deadline_timer aes xsave avx f16c rdrand lahf_lm abm 3dnowprefetch epb intel_pt tpr_shadow vnmi flexpriority ept vpid fsgsbase tsc_adjust bmi1 avx2 smep bmi2 erms invpcid rdseed adx smap xsaveopt dtherm ida arat pln pts
bugs		:
bogomips	: 1995.42
clflush size	: 64
cache_alignment	: 64
address sizes	: 39 bits physical, 48 bits virtual
power management:



Memory: 4k page, physical 3959784k(87720k free), swap 4106236k(0k free)

vm_info: OpenJDK 64-Bit Server VM (25.121-b13) for linux-amd64 JRE (1.8.0_121-8u121-b13-0ubuntu1.16.10.2-b13), built on Jan 23 2017 11:22:24 by "buildd" with gcc 6.2.0 20161005

time: Sat Apr 22 15:57:06 2017
elapsed time: 4 seconds (0d 0h 0m 4s)

